<?xml version="1.0" encoding="UTF-8"?>
<!-- Generated by org.testng.reporters.JUnitXMLReporter -->
<testsuite hostname="桂宝元" ignored="0" name="Huawei_H60-L01" tests="2" failures="1" timestamp="15 八月 2018 01:50:21 GMT" time="31.818" errors="0">
  <testcase name="f" time="31.091" classname="gby.testng.testcase.InitDriverCase"/>
  <testcase name="f" time="0.696" classname="gby.testng.testcase.LoginCase">
    <failure type="org.openqa.selenium.NoSuchElementException" message="An element could not be located on the page using the given search parameters.
For documentation on this error, please visit: http://seleniumhq.org/exceptions/no_such_element.html
Build info: version: &amp;apos;3.12.0&amp;apos;, revision: &amp;apos;7c6e0b3&amp;apos;, time: &amp;apos;2018-05-08T14:04:26.12Z&amp;apos;
System info: host: &amp;apos;桂宝元&amp;apos;, ip: &amp;apos;192.168.10.77&amp;apos;, os.name: &amp;apos;Windows 7&amp;apos;, os.arch: &amp;apos;amd64&amp;apos;, os.version: &amp;apos;6.1&amp;apos;, java.version: &amp;apos;1.8.0_171&amp;apos;
Driver info: io.appium.java_client.android.AndroidDriver
Capabilities {app: D:\git\Appium/src/main/reso..., appActivity: com.loulifang.house.activit..., appPackage: com.loulifang.house, automationName: Appium, databaseEnabled: false, desired: {app: D:\git\Appium/src/main/reso..., appActivity: com.loulifang.house.activit..., appPackage: com.loulifang.house, automationName: Appium, deviceName: Huawei_H60-L01, platformName: android, platformVersion: 4.4.2, udid: 192.168.20.179:5555}, deviceManufacturer: HUAWEI, deviceModel: H60-L01, deviceName: 192.168.20.179:5555, deviceScreenSize: 1080x1920, deviceUDID: 192.168.20.179:5555, javascriptEnabled: true, locationContextEnabled: false, networkConnectionEnabled: true, platform: LINUX, platformName: Android, platformVersion: 4.4.2, takesScreenshot: true, udid: 192.168.20.179:5555, warnings: {}, webStorageEnabled: false}
Session ID: b5d145fe-6788-4e59-bf32-5a8dbc1b8755
*** Element info: {Using=id, value=com.loulifang.house:id/mineLyt}">
      <![CDATA[org.openqa.selenium.NoSuchElementException: An element could not be located on the page using the given search parameters.
For documentation on this error, please visit: http://seleniumhq.org/exceptions/no_such_element.html
Build info: version: '3.12.0', revision: '7c6e0b3', time: '2018-05-08T14:04:26.12Z'
System info: host: '桂宝元', ip: '192.168.10.77', os.name: 'Windows 7', os.arch: 'amd64', os.version: '6.1', java.version: '1.8.0_171'
Driver info: io.appium.java_client.android.AndroidDriver
Capabilities {app: D:\git\Appium/src/main/reso..., appActivity: com.loulifang.house.activit..., appPackage: com.loulifang.house, automationName: Appium, databaseEnabled: false, desired: {app: D:\git\Appium/src/main/reso..., appActivity: com.loulifang.house.activit..., appPackage: com.loulifang.house, automationName: Appium, deviceName: Huawei_H60-L01, platformName: android, platformVersion: 4.4.2, udid: 192.168.20.179:5555}, deviceManufacturer: HUAWEI, deviceModel: H60-L01, deviceName: 192.168.20.179:5555, deviceScreenSize: 1080x1920, deviceUDID: 192.168.20.179:5555, javascriptEnabled: true, locationContextEnabled: false, networkConnectionEnabled: true, platform: LINUX, platformName: Android, platformVersion: 4.4.2, takesScreenshot: true, udid: 192.168.20.179:5555, warnings: {}, webStorageEnabled: false}
Session ID: b5d145fe-6788-4e59-bf32-5a8dbc1b8755
*** Element info: {Using=id, value=com.loulifang.house:id/mineLyt}
at org.openqa.selenium.remote.http.W3CHttpResponseCodec.createException(W3CHttpResponseCodec.java:187)
at org.openqa.selenium.remote.http.W3CHttpResponseCodec.decode(W3CHttpResponseCodec.java:122)
at org.openqa.selenium.remote.http.W3CHttpResponseCodec.decode(W3CHttpResponseCodec.java:49)
at org.openqa.selenium.remote.HttpCommandExecutor.execute(HttpCommandExecutor.java:158)
at io.appium.java_client.remote.AppiumCommandExecutor.execute(AppiumCommandExecutor.java:231)
at org.openqa.selenium.remote.RemoteWebDriver.execute(RemoteWebDriver.java:543)
at io.appium.java_client.DefaultGenericMobileDriver.execute(DefaultGenericMobileDriver.java:42)
at io.appium.java_client.AppiumDriver.execute(AppiumDriver.java:1)
at io.appium.java_client.android.AndroidDriver.execute(AndroidDriver.java:1)
at org.openqa.selenium.remote.RemoteWebDriver.findElement(RemoteWebDriver.java:317)
at io.appium.java_client.DefaultGenericMobileDriver.findElement(DefaultGenericMobileDriver.java:62)
at io.appium.java_client.AppiumDriver.findElement(AppiumDriver.java:1)
at io.appium.java_client.android.AndroidDriver.findElement(AndroidDriver.java:1)
at org.openqa.selenium.remote.RemoteWebDriver.findElementById(RemoteWebDriver.java:363)
at io.appium.java_client.DefaultGenericMobileDriver.findElementById(DefaultGenericMobileDriver.java:70)
at io.appium.java_client.AppiumDriver.findElementById(AppiumDriver.java:1)
at io.appium.java_client.android.AndroidDriver.findElementById(AndroidDriver.java:1)
at org.openqa.selenium.By$ById.findElement(By.java:188)
at org.openqa.selenium.remote.RemoteWebDriver.findElement(RemoteWebDriver.java:309)
at io.appium.java_client.DefaultGenericMobileDriver.findElement(DefaultGenericMobileDriver.java:58)
at io.appium.java_client.AppiumDriver.findElement(AppiumDriver.java:1)
at io.appium.java_client.android.AndroidDriver.findElement(AndroidDriver.java:1)
at gby.testng.testcase.LoginCase.f(LoginCase.java:11)
at java.util.concurrent.FutureTask.run(Unknown Source)
at java.util.concurrent.ThreadPoolExecutor.runWorker(Unknown Source)
at java.util.concurrent.ThreadPoolExecutor$Worker.run(Unknown Source)
at java.lang.Thread.run(Unknown Source)
... Removed 20 stack frames]]>
    </failure>
  </testcase> <!-- f -->
</testsuite> <!-- Huawei_H60-L01 -->
