<?xml version="1.0" encoding="UTF-8"?>
<!-- Generated by org.testng.reporters.JUnitXMLReporter -->
<testsuite hostname="桂宝元" name="mytest" tests="4" failures="0" timestamp="6 Aug 2018 02:57:57 GMT" time="0.083" errors="0">
  <testcase name="a" time="0.017" classname="test.testng.parralel.MethodP"/>
  <testcase name="f" time="0.002" classname="test.testng.parralel.MethodP"/>
  <testcase name="f" time="0.003" classname="test.testng.parralel.MethodP"/>
  <testcase name="f" time="0.002" classname="test.testng.parralel.NewTest"/>
</testsuite> <!-- mytest -->
