<?xml version="1.0" encoding="UTF-8"?>
<!-- Generated by org.testng.reporters.JUnitXMLReporter -->
<testsuite hostname="桂宝元" name="mytest2" tests="4" failures="0" timestamp="9 Aug 2018 10:51:11 GMT" time="0.05" errors="0">
  <testcase name="a" time="0.013" classname="test.testng.parralel.MethodP"/>
  <testcase name="f" time="0.003" classname="test.testng.parralel.MethodP"/>
  <testcase name="f" time="0.002" classname="test.testng.parralel.MethodP"/>
  <testcase name="f" time="0.001" classname="test.testng.parralel.NewTest"/>
</testsuite> <!-- mytest2 -->
