<?xml version="1.0" encoding="UTF-8"?>
<!-- Generated by org.testng.reporters.JUnitXMLReporter -->
<testsuite hostname="桂宝元" ignored="0" name="vivoX9" tests="4" failures="1" timestamp="07 九月 2018 05:53:37 GMT" time="115.827" errors="0">
  <testcase name="@AfterClass deletePost" time="15.605" classname="gby.testng.testcase.PublishPostCase">
    <failure type="java.lang.AssertionError" message="【myPostButton】元素识别失败，该测试方法自动结束失败">
      <![CDATA[java.lang.AssertionError: 【myPostButton】元素识别失败，该测试方法自动结束失败
at gby.appium.page.BasePage.findElement(BasePage.java:94)
at gby.appium.page.MinePage.deletePost(MinePage.java:32)
at gby.testng.testcase.PublishPostCase.deletePost(PublishPostCase.java:64)
at java.util.concurrent.FutureTask.run(Unknown Source)
at java.util.concurrent.ThreadPoolExecutor.runWorker(Unknown Source)
at java.util.concurrent.ThreadPoolExecutor$Worker.run(Unknown Source)
at java.lang.Thread.run(Unknown Source)
... Removed 18 stack frames]]>
    </failure>
  </testcase> <!-- @AfterClass deletePost -->
  <testcase name="f" time="44.255" classname="gby.testng.testcase.InitDriverCase"/>
  <testcase name="intoPublisPostPage" time="25.952" classname="gby.testng.testcase.PublishPostCase">
    <skipped/>
  </testcase> <!-- intoPublisPostPage -->
  <testcase name="intoPublisPostPage" time="21.081" classname="gby.testng.testcase.PublishPostCase">
    <failure type="java.lang.AssertionError" message="【loginButton】元素识别失败，该测试方法自动结束失败">
      <![CDATA[java.lang.AssertionError: 【loginButton】元素识别失败，该测试方法自动结束失败
at gby.appium.page.BasePage.findElement(BasePage.java:94)
at gby.appium.page.LoginPage.login(LoginPage.java:15)
at gby.appium.page.FindRoommateBasePage.openPublishPage(FindRoommateBasePage.java:43)
at gby.testng.testcase.PublishPostCase.intoPublisPostPage(PublishPostCase.java:39)
at java.util.concurrent.FutureTask.run(Unknown Source)
at java.util.concurrent.ThreadPoolExecutor.runWorker(Unknown Source)
at java.util.concurrent.ThreadPoolExecutor$Worker.run(Unknown Source)
at java.lang.Thread.run(Unknown Source)
... Removed 17 stack frames]]>
    </failure>
  </testcase> <!-- intoPublisPostPage -->
  <testcase name="publishRoom" time="0.0" classname="gby.testng.testcase.PublishPostCase">
    <skipped/>
  </testcase> <!-- publishRoom -->
</testsuite> <!-- vivoX9 -->
