<?xml version="1.0" encoding="UTF-8"?>
<testng-results skipped="1" failed="1" ignored="0" total="3" passed="1">
  <reporter-output>
    <line>
      <![CDATA[[info] 测试初始化]]>
    </line>
    <line>
      <![CDATA[[info] 【f】测试用例开始执行]]>
    </line>
    <line>
      <![CDATA[[debug] deviceName: vivoX9]]>
    </line>
    <line>
      <![CDATA[[debug] 执行命令：[cmd, /c, adb connect 192.168.20.159:5555]]]>
    </line>
    <line>
      <![CDATA[[debug] 命令结果：connected to 192.168.20.159:5555* daemon not running; starting now at tcp:5037* daemon started successfully]]>
    </line>
    <line>
      <![CDATA[[info] AndroidDriver初始化完成，打开app成功]]>
    </line>
    <line>
      <![CDATA[[info] 【f】测试用例执行成功]]>
    </line>
    <line>
      <![CDATA[[info] 【intoPublisPostPage】测试用例开始执行]]>
    </line>
    <line>
      <![CDATA[[info] 【findRoommateButton】暂未找到，轮询中...]]>
    </line>
    <line>
      <![CDATA[[info] 【findRoommateButton】暂未找到，轮询中...]]>
    </line>
    <line>
      <![CDATA[[info] 【findRoommateButton】暂未找到，轮询中...]]>
    </line>
    <line>
      <![CDATA[[info] 【findRoommateButton】暂未找到，轮询中...]]>
    </line>
    <line>
      <![CDATA[[info] 【findRoommateButton】识别成功]]>
    </line>
    <line>
      <![CDATA[[info] 【publishIcon】识别成功]]>
    </line>
    <line>
      <![CDATA[[info] 【hasntRoomButton】暂未找到，轮询中...]]>
    </line>
    <line>
      <![CDATA[[info] 【hasntRoomButton】识别成功]]>
    </line>
    <line>
      <![CDATA[[debug] 执行命令：[cmd, /c, adb -s 192.168.20.159:5555 shell dumpsys window | findstr mCurrentFocus]]]>
    </line>
    <line>
      <![CDATA[[debug] 命令结果：  mCurrentFocus=Window{3b21bc7 u0 com.loulifang.house/com.loulifang.house.activities.LoginActivity}]]>
    </line>
    <line>
      <![CDATA[[info] 【userName】识别成功]]>
    </line>
    <line>
      <![CDATA[[info] 【password】识别成功]]>
    </line>
    <line>
      <![CDATA[[info] 【loginButton】暂未找到，轮询中...]]>
    </line>
    <line>
      <![CDATA[[info] 【loginButton】暂未找到，轮询中...]]>
    </line>
    <line>
      <![CDATA[[info] 【loginButton】暂未找到，轮询中...]]>
    </line>
    <line>
      <![CDATA[[info] 【loginButton】暂未找到，轮询中...]]>
    </line>
    <line>
      <![CDATA[[info] 【loginButton】暂未找到，轮询中...]]>
    </line>
    <line>
      <![CDATA[[info] 【loginButton】暂未找到，轮询中...]]>
    </line>
    <line>
      <![CDATA[[info] 【loginButton】暂未找到，轮询中...]]>
    </line>
    <line>
      <![CDATA[[info] 【loginButton】暂未找到，轮询中...]]>
    </line>
    <line>
      <![CDATA[[info] 【loginButton】暂未找到，轮询中...]]>
    </line>
    <line>
      <![CDATA[[info] 【loginButton】暂未找到，轮询中...]]>
    </line>
    <line>
      <![CDATA[[info] 【loginButton】暂未找到，轮询中...]]>
    </line>
    <line>
      <![CDATA[[info] 【loginButton】暂未找到，轮询中...]]>
    </line>
    <line>
      <![CDATA[[info] 【loginButton】暂未找到，轮询中...]]>
    </line>
    <line>
      <![CDATA[[info] 【loginButton】暂未找到，轮询中...]]>
    </line>
    <line>
      <![CDATA[[info] 【loginButton】暂未找到，轮询中...]]>
    </line>
    <line>
      <![CDATA[[info] 【loginButton】暂未找到，轮询中...]]>
    </line>
    <line>
      <![CDATA[[info] 【loginButton】暂未找到，轮询中...]]>
    </line>
    <line>
      <![CDATA[[info] 【loginButton】暂未找到，轮询中...]]>
    </line>
    <line>
      <![CDATA[[info] 【loginButton】暂未找到，轮询中...]]>
    </line>
    <line>
      <![CDATA[[info] 【loginButton】暂未找到，轮询中...]]>
    </line>
    <line>
      <![CDATA[[info] 【loginButton】暂未找到，轮询中...]]>
    </line>
    <line>
      <![CDATA[[info] 【loginButton】暂未找到，轮询中...]]>
    </line>
    <line>
      <![CDATA[[info] 【loginButton】暂未找到，轮询中...]]>
    </line>
    <line>
      <![CDATA[[info] 【loginButton】暂未找到，轮询中...]]>
    </line>
    <line>
      <![CDATA[[error] 【loginButton】识别失败：识别超时]]>
    </line>
    <line>
      <![CDATA[[info] 测试类：'gby.appium.listern.TestngRetry' 中的测试方法：'intoPublisPostPage' 执行失败，重试第 1 次]]>
    </line>
    <line>
      <![CDATA[[error] 【intoPublisPostPage】测试用例被跳过]]>
    </line>
    <line>
      <![CDATA[[info] 【homePageButton】未找到，识别失败,元素list长度为0]]>
    </line>
    <line>
      <![CDATA[[info] 正在返回首页...]]>
    </line>
    <line>
      <![CDATA[[info] 【homePageButton】未找到，识别失败,元素list长度为0]]>
    </line>
    <line>
      <![CDATA[[info] 正在返回首页...]]>
    </line>
    <line>
      <![CDATA[[info] 【homePageButton】识别成功]]>
    </line>
    <line>
      <![CDATA[[info] 正在返回首页...]]>
    </line>
    <line>
      <![CDATA[[info] 已返回首页]]>
    </line>
    <line>
      <![CDATA[[info] 【intoPublisPostPage】测试用例开始执行]]>
    </line>
    <line>
      <![CDATA[[info] 【findRoommateButton】识别成功]]>
    </line>
    <line>
      <![CDATA[[info] 【publishIcon】识别成功]]>
    </line>
    <line>
      <![CDATA[[info] 【hasntRoomButton】暂未找到，轮询中...]]>
    </line>
    <line>
      <![CDATA[[info] 【hasntRoomButton】识别成功]]>
    </line>
    <line>
      <![CDATA[[debug] 执行命令：[cmd, /c, adb -s 192.168.20.159:5555 shell dumpsys window | findstr mCurrentFocus]]]>
    </line>
    <line>
      <![CDATA[[debug] 命令结果：  mCurrentFocus=Window{fa4a905 u0 com.loulifang.house/com.loulifang.house.activities.LoginActivity}]]>
    </line>
    <line>
      <![CDATA[[info] 【userName】识别成功]]>
    </line>
    <line>
      <![CDATA[[info] 【password】识别成功]]>
    </line>
    <line>
      <![CDATA[[info] 【loginButton】暂未找到，轮询中...]]>
    </line>
    <line>
      <![CDATA[[info] 【loginButton】暂未找到，轮询中...]]>
    </line>
    <line>
      <![CDATA[[info] 【loginButton】暂未找到，轮询中...]]>
    </line>
    <line>
      <![CDATA[[info] 【loginButton】暂未找到，轮询中...]]>
    </line>
    <line>
      <![CDATA[[info] 【loginButton】暂未找到，轮询中...]]>
    </line>
    <line>
      <![CDATA[[info] 【loginButton】暂未找到，轮询中...]]>
    </line>
    <line>
      <![CDATA[[info] 【loginButton】暂未找到，轮询中...]]>
    </line>
    <line>
      <![CDATA[[info] 【loginButton】暂未找到，轮询中...]]>
    </line>
    <line>
      <![CDATA[[info] 【loginButton】暂未找到，轮询中...]]>
    </line>
    <line>
      <![CDATA[[info] 【loginButton】暂未找到，轮询中...]]>
    </line>
    <line>
      <![CDATA[[info] 【loginButton】暂未找到，轮询中...]]>
    </line>
    <line>
      <![CDATA[[info] 【loginButton】暂未找到，轮询中...]]>
    </line>
    <line>
      <![CDATA[[info] 【loginButton】暂未找到，轮询中...]]>
    </line>
    <line>
      <![CDATA[[info] 【loginButton】暂未找到，轮询中...]]>
    </line>
    <line>
      <![CDATA[[info] 【loginButton】暂未找到，轮询中...]]>
    </line>
    <line>
      <![CDATA[[info] 【loginButton】暂未找到，轮询中...]]>
    </line>
    <line>
      <![CDATA[[info] 【loginButton】暂未找到，轮询中...]]>
    </line>
    <line>
      <![CDATA[[info] 【loginButton】暂未找到，轮询中...]]>
    </line>
    <line>
      <![CDATA[[info] 【loginButton】暂未找到，轮询中...]]>
    </line>
    <line>
      <![CDATA[[info] 【loginButton】暂未找到，轮询中...]]>
    </line>
    <line>
      <![CDATA[[info] 【loginButton】暂未找到，轮询中...]]>
    </line>
    <line>
      <![CDATA[[info] 【loginButton】暂未找到，轮询中...]]>
    </line>
    <line>
      <![CDATA[[info] 【loginButton】暂未找到，轮询中...]]>
    </line>
    <line>
      <![CDATA[[info] 【loginButton】暂未找到，轮询中...]]>
    </line>
    <line>
      <![CDATA[[info] 【loginButton】暂未找到，轮询中...]]>
    </line>
    <line>
      <![CDATA[[error] 【loginButton】识别失败：识别超时]]>
    </line>
    <line>
      <![CDATA[[error] 【intoPublisPostPage】测试用例执行失败]]>
    </line>
    <line>
      <![CDATA[<a target='_blank' href="file:D:\git\Appium\vivoX9_screenshots\PublishPostCase.intoPublisPostPage_20180907015318.png">]]>
    </line>
    <line>
      <![CDATA[<img width="350" src="file:D:\git\Appium\vivoX9_screenshots\PublishPostCase.intoPublisPostPage_20180907015318.png" />    失败截图：C:\Users\ADMINI~1\AppData\Local\Temp\screenshot8123587305158351560.png]]>
    </line>
    <line>
      <![CDATA[</a><br />]]>
    </line>
    <line>
      <![CDATA[[info] 【homePageButton】未找到，识别失败,元素list长度为0]]>
    </line>
    <line>
      <![CDATA[[info] 正在返回首页...]]>
    </line>
    <line>
      <![CDATA[[info] 【homePageButton】未找到，识别失败,元素list长度为0]]>
    </line>
    <line>
      <![CDATA[[info] 正在返回首页...]]>
    </line>
    <line>
      <![CDATA[[info] 【homePageButton】识别成功]]>
    </line>
    <line>
      <![CDATA[[info] 正在返回首页...]]>
    </line>
    <line>
      <![CDATA[[info] 已返回首页]]>
    </line>
    <line>
      <![CDATA[[error] 【publishRoom】测试用例被跳过]]>
    </line>
    <line>
      <![CDATA[[info] 【homePageButton】识别成功]]>
    </line>
    <line>
      <![CDATA[[info] 正在返回首页...]]>
    </line>
    <line>
      <![CDATA[[info] 已返回首页]]>
    </line>
    <line>
      <![CDATA[[info] 【mineButton】识别成功]]>
    </line>
    <line>
      <![CDATA[[info] 【myPostButton】暂未找到，轮询中...]]>
    </line>
    <line>
      <![CDATA[[info] 【myPostButton】暂未找到，轮询中...]]>
    </line>
    <line>
      <![CDATA[[info] 【myPostButton】暂未找到，轮询中...]]>
    </line>
    <line>
      <![CDATA[[info] 【myPostButton】暂未找到，轮询中...]]>
    </line>
    <line>
      <![CDATA[[info] 【myPostButton】暂未找到，轮询中...]]>
    </line>
    <line>
      <![CDATA[[info] 【myPostButton】暂未找到，轮询中...]]>
    </line>
    <line>
      <![CDATA[[info] 【myPostButton】暂未找到，轮询中...]]>
    </line>
    <line>
      <![CDATA[[info] 【myPostButton】暂未找到，轮询中...]]>
    </line>
    <line>
      <![CDATA[[info] 【myPostButton】暂未找到，轮询中...]]>
    </line>
    <line>
      <![CDATA[[info] 【myPostButton】暂未找到，轮询中...]]>
    </line>
    <line>
      <![CDATA[[info] 【myPostButton】暂未找到，轮询中...]]>
    </line>
    <line>
      <![CDATA[[info] 【myPostButton】暂未找到，轮询中...]]>
    </line>
    <line>
      <![CDATA[[info] 【myPostButton】暂未找到，轮询中...]]>
    </line>
    <line>
      <![CDATA[[info] 【myPostButton】暂未找到，轮询中...]]>
    </line>
    <line>
      <![CDATA[[info] 【myPostButton】暂未找到，轮询中...]]>
    </line>
    <line>
      <![CDATA[[info] 【myPostButton】暂未找到，轮询中...]]>
    </line>
    <line>
      <![CDATA[[info] 【myPostButton】暂未找到，轮询中...]]>
    </line>
    <line>
      <![CDATA[[info] 【myPostButton】暂未找到，轮询中...]]>
    </line>
    <line>
      <![CDATA[[info] 【myPostButton】暂未找到，轮询中...]]>
    </line>
    <line>
      <![CDATA[[info] 【myPostButton】暂未找到，轮询中...]]>
    </line>
    <line>
      <![CDATA[[info] 【myPostButton】暂未找到，轮询中...]]>
    </line>
    <line>
      <![CDATA[[info] 【myPostButton】暂未找到，轮询中...]]>
    </line>
    <line>
      <![CDATA[[info] 【myPostButton】暂未找到，轮询中...]]>
    </line>
    <line>
      <![CDATA[[error] 【myPostButton】识别失败：识别超时]]>
    </line>
  </reporter-output>
  <suite name="Suite" duration-ms="115827" started-at="2018-09-07T05:51:42Z" finished-at="2018-09-07T05:53:37Z">
    <groups>
    </groups>
    <test name="vivoX9" duration-ms="115827" started-at="2018-09-07T05:51:42Z" finished-at="2018-09-07T05:53:37Z">
      <class name="gby.testng.testcase.InitDriverCase">
        <test-method status="PASS" signature="f(java.lang.String)[pri:0, instance:gby.testng.testcase.InitDriverCase@5f282abb]" name="f" duration-ms="44255" started-at="2018-09-07T05:51:42Z" finished-at="2018-09-07T05:52:26Z">
          <params>
            <param index="0">
              <value>
                <![CDATA[vivoX9]]>
              </value>
            </param>
          </params>
          <reporter-output>
            <line>
              <![CDATA[[info] 【f】测试用例开始执行]]>
            </line>
            <line>
              <![CDATA[[debug] deviceName: vivoX9]]>
            </line>
            <line>
              <![CDATA[[debug] 执行命令：[cmd, /c, adb connect 192.168.20.159:5555]]]>
            </line>
            <line>
              <![CDATA[[debug] 命令结果：connected to 192.168.20.159:5555* daemon not running; starting now at tcp:5037* daemon started successfully]]>
            </line>
            <line>
              <![CDATA[[info] AndroidDriver初始化完成，打开app成功]]>
            </line>
            <line>
              <![CDATA[[info] 【f】测试用例执行成功]]>
            </line>
          </reporter-output>
        </test-method> <!-- f -->
      </class> <!-- gby.testng.testcase.InitDriverCase -->
      <class name="gby.testng.testcase.PublishPostCase">
        <test-method status="PASS" signature="setup()[pri:0, instance:gby.testng.testcase.PublishPostCase@167fdd33]" name="setup" is-config="true" duration-ms="2" started-at="2018-09-07T05:52:26Z" finished-at="2018-09-07T05:52:26Z">
          <reporter-output>
          </reporter-output>
        </test-method> <!-- setup -->
        <test-method status="FAIL" signature="intoPublisPostPage()[pri:0, instance:gby.testng.testcase.PublishPostCase@167fdd33]" name="intoPublisPostPage" duration-ms="21081" started-at="2018-09-07T05:52:56Z" finished-at="2018-09-07T05:53:17Z">
          <exception class="java.lang.AssertionError">
            <message>
              <![CDATA[【loginButton】元素识别失败，该测试方法自动结束失败]]>
            </message>
            <full-stacktrace>
              <![CDATA[java.lang.AssertionError: 【loginButton】元素识别失败，该测试方法自动结束失败
at org.testng.Assert.fail(Assert.java:96)
at gby.appium.page.BasePage.findElement(BasePage.java:94)
at gby.appium.page.LoginPage.login(LoginPage.java:15)
at gby.appium.page.FindRoommateBasePage.openPublishPage(FindRoommateBasePage.java:43)
at gby.testng.testcase.PublishPostCase.intoPublisPostPage(PublishPostCase.java:39)
at sun.reflect.NativeMethodAccessorImpl.invoke0(Native Method)
at sun.reflect.NativeMethodAccessorImpl.invoke(Unknown Source)
at sun.reflect.DelegatingMethodAccessorImpl.invoke(Unknown Source)
at java.lang.reflect.Method.invoke(Unknown Source)
at org.testng.internal.MethodInvocationHelper.invokeMethod(MethodInvocationHelper.java:124)
at org.testng.internal.Invoker.invokeMethod(Invoker.java:583)
at org.testng.internal.Invoker.retryFailed(Invoker.java:839)
at org.testng.internal.Invoker.invokeTestMethods(Invoker.java:1010)
at org.testng.internal.TestMethodWorker.invokeTestMethods(TestMethodWorker.java:125)
at org.testng.internal.TestMethodWorker.run(TestMethodWorker.java:109)
at org.testng.TestRunner.privateRun(TestRunner.java:648)
at org.testng.TestRunner.run(TestRunner.java:505)
at org.testng.SuiteRunner.runTest(SuiteRunner.java:455)
at org.testng.SuiteRunner.access$000(SuiteRunner.java:40)
at org.testng.SuiteRunner$SuiteWorker.run(SuiteRunner.java:489)
at org.testng.internal.thread.ThreadUtil$1.call(ThreadUtil.java:52)
at java.util.concurrent.FutureTask.run(Unknown Source)
at java.util.concurrent.ThreadPoolExecutor.runWorker(Unknown Source)
at java.util.concurrent.ThreadPoolExecutor$Worker.run(Unknown Source)
at java.lang.Thread.run(Unknown Source)
]]>
            </full-stacktrace>
          </exception> <!-- java.lang.AssertionError -->
          <reporter-output>
            <line>
              <![CDATA[[info] 【intoPublisPostPage】测试用例开始执行]]>
            </line>
            <line>
              <![CDATA[[info] 【findRoommateButton】识别成功]]>
            </line>
            <line>
              <![CDATA[[info] 【publishIcon】识别成功]]>
            </line>
            <line>
              <![CDATA[[info] 【hasntRoomButton】暂未找到，轮询中...]]>
            </line>
            <line>
              <![CDATA[[info] 【hasntRoomButton】识别成功]]>
            </line>
            <line>
              <![CDATA[[debug] 执行命令：[cmd, /c, adb -s 192.168.20.159:5555 shell dumpsys window | findstr mCurrentFocus]]]>
            </line>
            <line>
              <![CDATA[[debug] 命令结果：  mCurrentFocus=Window{fa4a905 u0 com.loulifang.house/com.loulifang.house.activities.LoginActivity}]]>
            </line>
            <line>
              <![CDATA[[info] 【userName】识别成功]]>
            </line>
            <line>
              <![CDATA[[info] 【password】识别成功]]>
            </line>
            <line>
              <![CDATA[[info] 【loginButton】暂未找到，轮询中...]]>
            </line>
            <line>
              <![CDATA[[info] 【loginButton】暂未找到，轮询中...]]>
            </line>
            <line>
              <![CDATA[[info] 【loginButton】暂未找到，轮询中...]]>
            </line>
            <line>
              <![CDATA[[info] 【loginButton】暂未找到，轮询中...]]>
            </line>
            <line>
              <![CDATA[[info] 【loginButton】暂未找到，轮询中...]]>
            </line>
            <line>
              <![CDATA[[info] 【loginButton】暂未找到，轮询中...]]>
            </line>
            <line>
              <![CDATA[[info] 【loginButton】暂未找到，轮询中...]]>
            </line>
            <line>
              <![CDATA[[info] 【loginButton】暂未找到，轮询中...]]>
            </line>
            <line>
              <![CDATA[[info] 【loginButton】暂未找到，轮询中...]]>
            </line>
            <line>
              <![CDATA[[info] 【loginButton】暂未找到，轮询中...]]>
            </line>
            <line>
              <![CDATA[[info] 【loginButton】暂未找到，轮询中...]]>
            </line>
            <line>
              <![CDATA[[info] 【loginButton】暂未找到，轮询中...]]>
            </line>
            <line>
              <![CDATA[[info] 【loginButton】暂未找到，轮询中...]]>
            </line>
            <line>
              <![CDATA[[info] 【loginButton】暂未找到，轮询中...]]>
            </line>
            <line>
              <![CDATA[[info] 【loginButton】暂未找到，轮询中...]]>
            </line>
            <line>
              <![CDATA[[info] 【loginButton】暂未找到，轮询中...]]>
            </line>
            <line>
              <![CDATA[[info] 【loginButton】暂未找到，轮询中...]]>
            </line>
            <line>
              <![CDATA[[info] 【loginButton】暂未找到，轮询中...]]>
            </line>
            <line>
              <![CDATA[[info] 【loginButton】暂未找到，轮询中...]]>
            </line>
            <line>
              <![CDATA[[info] 【loginButton】暂未找到，轮询中...]]>
            </line>
            <line>
              <![CDATA[[info] 【loginButton】暂未找到，轮询中...]]>
            </line>
            <line>
              <![CDATA[[info] 【loginButton】暂未找到，轮询中...]]>
            </line>
            <line>
              <![CDATA[[info] 【loginButton】暂未找到，轮询中...]]>
            </line>
            <line>
              <![CDATA[[info] 【loginButton】暂未找到，轮询中...]]>
            </line>
            <line>
              <![CDATA[[info] 【loginButton】暂未找到，轮询中...]]>
            </line>
            <line>
              <![CDATA[[error] 【loginButton】识别失败：识别超时]]>
            </line>
            <line>
              <![CDATA[[error] 【intoPublisPostPage】测试用例执行失败]]>
            </line>
            <line>
              <![CDATA[<a target='_blank' href="file:D:\git\Appium\vivoX9_screenshots\PublishPostCase.intoPublisPostPage_20180907015318.png">]]>
            </line>
            <line>
              <![CDATA[<img width="350" src="file:D:\git\Appium\vivoX9_screenshots\PublishPostCase.intoPublisPostPage_20180907015318.png" />    失败截图：C:\Users\ADMINI~1\AppData\Local\Temp\screenshot8123587305158351560.png]]>
            </line>
            <line>
              <![CDATA[</a><br />]]>
            </line>
            <line>
              <![CDATA[[info] 【homePageButton】未找到，识别失败,元素list长度为0]]>
            </line>
            <line>
              <![CDATA[[info] 正在返回首页...]]>
            </line>
            <line>
              <![CDATA[[info] 【homePageButton】未找到，识别失败,元素list长度为0]]>
            </line>
            <line>
              <![CDATA[[info] 正在返回首页...]]>
            </line>
            <line>
              <![CDATA[[info] 【homePageButton】识别成功]]>
            </line>
            <line>
              <![CDATA[[info] 正在返回首页...]]>
            </line>
            <line>
              <![CDATA[[info] 已返回首页]]>
            </line>
          </reporter-output>
        </test-method> <!-- intoPublisPostPage -->
        <test-method status="SKIP" signature="publishRoom()[pri:0, instance:gby.testng.testcase.PublishPostCase@167fdd33]" name="publishRoom" duration-ms="0" started-at="2018-09-07T05:53:21Z" depends-on-methods="gby.testng.testcase.PublishPostCase.intoPublisPostPage" finished-at="2018-09-07T05:53:21Z">
          <exception class="java.lang.Throwable">
            <message>
              <![CDATA[Method PublishPostCase.publishRoom()[pri:0, instance:gby.testng.testcase.PublishPostCase@167fdd33] depends on not successfully finished methods]]>
            </message>
            <full-stacktrace>
              <![CDATA[java.lang.Throwable: Method PublishPostCase.publishRoom()[pri:0, instance:gby.testng.testcase.PublishPostCase@167fdd33] depends on not successfully finished methods
at org.testng.internal.Invoker.invokeTestMethods(Invoker.java:888)
at org.testng.internal.TestMethodWorker.invokeTestMethods(TestMethodWorker.java:125)
at org.testng.internal.TestMethodWorker.run(TestMethodWorker.java:109)
at org.testng.TestRunner.privateRun(TestRunner.java:648)
at org.testng.TestRunner.run(TestRunner.java:505)
at org.testng.SuiteRunner.runTest(SuiteRunner.java:455)
at org.testng.SuiteRunner.access$000(SuiteRunner.java:40)
at org.testng.SuiteRunner$SuiteWorker.run(SuiteRunner.java:489)
at org.testng.internal.thread.ThreadUtil$1.call(ThreadUtil.java:52)
at java.util.concurrent.FutureTask.run(Unknown Source)
at java.util.concurrent.ThreadPoolExecutor.runWorker(Unknown Source)
at java.util.concurrent.ThreadPoolExecutor$Worker.run(Unknown Source)
at java.lang.Thread.run(Unknown Source)
]]>
            </full-stacktrace>
          </exception> <!-- java.lang.Throwable -->
          <reporter-output>
            <line>
              <![CDATA[[error] 【publishRoom】测试用例被跳过]]>
            </line>
            <line>
              <![CDATA[[info] 【homePageButton】识别成功]]>
            </line>
            <line>
              <![CDATA[[info] 正在返回首页...]]>
            </line>
            <line>
              <![CDATA[[info] 已返回首页]]>
            </line>
          </reporter-output>
        </test-method> <!-- publishRoom -->
        <test-method status="FAIL" signature="deletePost()[pri:0, instance:gby.testng.testcase.PublishPostCase@167fdd33]" name="deletePost" is-config="true" duration-ms="15605" started-at="2018-09-07T05:53:22Z" finished-at="2018-09-07T05:53:37Z">
          <exception class="java.lang.AssertionError">
            <message>
              <![CDATA[【myPostButton】元素识别失败，该测试方法自动结束失败]]>
            </message>
            <full-stacktrace>
              <![CDATA[java.lang.AssertionError: 【myPostButton】元素识别失败，该测试方法自动结束失败
at org.testng.Assert.fail(Assert.java:96)
at gby.appium.page.BasePage.findElement(BasePage.java:94)
at gby.appium.page.MinePage.deletePost(MinePage.java:32)
at gby.testng.testcase.PublishPostCase.deletePost(PublishPostCase.java:64)
at sun.reflect.NativeMethodAccessorImpl.invoke0(Native Method)
at sun.reflect.NativeMethodAccessorImpl.invoke(Unknown Source)
at sun.reflect.DelegatingMethodAccessorImpl.invoke(Unknown Source)
at java.lang.reflect.Method.invoke(Unknown Source)
at org.testng.internal.MethodInvocationHelper.invokeMethod(MethodInvocationHelper.java:124)
at org.testng.internal.MethodInvocationHelper.invokeMethodConsideringTimeout(MethodInvocationHelper.java:59)
at org.testng.internal.Invoker.invokeConfigurationMethod(Invoker.java:458)
at org.testng.internal.Invoker.invokeConfigurations(Invoker.java:222)
at org.testng.internal.Invoker.invokeConfigurations(Invoker.java:142)
at org.testng.internal.TestMethodWorker.invokeAfterClassMethods(TestMethodWorker.java:214)
at org.testng.internal.TestMethodWorker.run(TestMethodWorker.java:111)
at org.testng.TestRunner.privateRun(TestRunner.java:648)
at org.testng.TestRunner.run(TestRunner.java:505)
at org.testng.SuiteRunner.runTest(SuiteRunner.java:455)
at org.testng.SuiteRunner.access$000(SuiteRunner.java:40)
at org.testng.SuiteRunner$SuiteWorker.run(SuiteRunner.java:489)
at org.testng.internal.thread.ThreadUtil$1.call(ThreadUtil.java:52)
at java.util.concurrent.FutureTask.run(Unknown Source)
at java.util.concurrent.ThreadPoolExecutor.runWorker(Unknown Source)
at java.util.concurrent.ThreadPoolExecutor$Worker.run(Unknown Source)
at java.lang.Thread.run(Unknown Source)
]]>
            </full-stacktrace>
          </exception> <!-- java.lang.AssertionError -->
          <reporter-output>
            <line>
              <![CDATA[[info] 【mineButton】识别成功]]>
            </line>
            <line>
              <![CDATA[[info] 【myPostButton】暂未找到，轮询中...]]>
            </line>
            <line>
              <![CDATA[[info] 【myPostButton】暂未找到，轮询中...]]>
            </line>
            <line>
              <![CDATA[[info] 【myPostButton】暂未找到，轮询中...]]>
            </line>
            <line>
              <![CDATA[[info] 【myPostButton】暂未找到，轮询中...]]>
            </line>
            <line>
              <![CDATA[[info] 【myPostButton】暂未找到，轮询中...]]>
            </line>
            <line>
              <![CDATA[[info] 【myPostButton】暂未找到，轮询中...]]>
            </line>
            <line>
              <![CDATA[[info] 【myPostButton】暂未找到，轮询中...]]>
            </line>
            <line>
              <![CDATA[[info] 【myPostButton】暂未找到，轮询中...]]>
            </line>
            <line>
              <![CDATA[[info] 【myPostButton】暂未找到，轮询中...]]>
            </line>
            <line>
              <![CDATA[[info] 【myPostButton】暂未找到，轮询中...]]>
            </line>
            <line>
              <![CDATA[[info] 【myPostButton】暂未找到，轮询中...]]>
            </line>
            <line>
              <![CDATA[[info] 【myPostButton】暂未找到，轮询中...]]>
            </line>
            <line>
              <![CDATA[[info] 【myPostButton】暂未找到，轮询中...]]>
            </line>
            <line>
              <![CDATA[[info] 【myPostButton】暂未找到，轮询中...]]>
            </line>
            <line>
              <![CDATA[[info] 【myPostButton】暂未找到，轮询中...]]>
            </line>
            <line>
              <![CDATA[[info] 【myPostButton】暂未找到，轮询中...]]>
            </line>
            <line>
              <![CDATA[[info] 【myPostButton】暂未找到，轮询中...]]>
            </line>
            <line>
              <![CDATA[[info] 【myPostButton】暂未找到，轮询中...]]>
            </line>
            <line>
              <![CDATA[[info] 【myPostButton】暂未找到，轮询中...]]>
            </line>
            <line>
              <![CDATA[[info] 【myPostButton】暂未找到，轮询中...]]>
            </line>
            <line>
              <![CDATA[[info] 【myPostButton】暂未找到，轮询中...]]>
            </line>
            <line>
              <![CDATA[[info] 【myPostButton】暂未找到，轮询中...]]>
            </line>
            <line>
              <![CDATA[[info] 【myPostButton】暂未找到，轮询中...]]>
            </line>
            <line>
              <![CDATA[[error] 【myPostButton】识别失败：识别超时]]>
            </line>
          </reporter-output>
        </test-method> <!-- deletePost -->
      </class> <!-- gby.testng.testcase.PublishPostCase -->
    </test> <!-- vivoX9 -->
  </suite> <!-- Suite -->
</testng-results>
