<?xml version="1.0" encoding="UTF-8"?>
<testng-results skipped="0" failed="1" ignored="0" total="3" passed="2">
  <reporter-output>
    <line>
      <![CDATA[[info] 测试初始化]]>
    </line>
    <line>
      <![CDATA[[info] 【f】测试用例开始执行]]>
    </line>
    <line>
      <![CDATA[[debug] deviceName: vivoX9]]>
    </line>
    <line>
      <![CDATA[[debug] 执行命令：[cmd, /c, adb connect 192.168.20.159:5555]]]>
    </line>
    <line>
      <![CDATA[[debug] 命令结果：already connected to 192.168.20.159:5555]]>
    </line>
    <line>
      <![CDATA[[info] AndroidDriver初始化完成，打开app成功]]>
    </line>
    <line>
      <![CDATA[[info] 【f】测试用例执行成功]]>
    </line>
    <line>
      <![CDATA[[info] 【intoPublisPostPage】测试用例开始执行]]>
    </line>
    <line>
      <![CDATA[[info] 【findRoommateButton】识别成功]]>
    </line>
    <line>
      <![CDATA[[info] 【publishIcon】识别成功]]>
    </line>
    <line>
      <![CDATA[[info] 【hasntRoomButton】识别成功]]>
    </line>
    <line>
      <![CDATA[[debug] 执行命令：[cmd, /c, adb -s 192.168.20.159:5555 shell dumpsys window | findstr mCurrentFocus]]]>
    </line>
    <line>
      <![CDATA[[debug] 命令结果：  mCurrentFocus=Window{d93a781 u0 com.loulifang.house/com.loulifang.house.activities.LoginActivity}]]>
    </line>
    <line>
      <![CDATA[[info] 【userName】识别成功]]>
    </line>
    <line>
      <![CDATA[[info] 【password】识别成功]]>
    </line>
    <line>
      <![CDATA[[info] 【loginButton】识别成功]]>
    </line>
    <line>
      <![CDATA[[info] 【hasntRoomButton】暂未找到，轮询中...]]>
    </line>
    <line>
      <![CDATA[[info] 【hasntRoomButton】暂未找到，轮询中...]]>
    </line>
    <line>
      <![CDATA[[info] 【hasntRoomButton】识别成功]]>
    </line>
    <line>
      <![CDATA[[info] 【hasntRoomButton】识别成功]]>
    </line>
    <line>
      <![CDATA[[info] 【titleInput】识别成功]]>
    </line>
    <line>
      <![CDATA[[info] 【intoPublisPostPage】测试用例执行成功]]>
    </line>
    <line>
      <![CDATA[[info] 【publishRoom】测试用例开始执行]]>
    </line>
    <line>
      <![CDATA[[info] 【titleInput】识别成功]]>
    </line>
    <line>
      <![CDATA[[info] 【otherContentInput】识别成功]]>
    </line>
    <line>
      <![CDATA[[info] 【locationButton】识别成功]]>
    </line>
    <line>
      <![CDATA[[info] 【businessCircle】识别成功]]>
    </line>
    <line>
      <![CDATA[[info] 【jingan】识别成功]]>
    </line>
    <line>
      <![CDATA[[info] 【jingansi】识别成功]]>
    </line>
    <line>
      <![CDATA[[info] 【subway】识别成功]]>
    </line>
    <line>
      <![CDATA[[info] 【subway】识别成功]]>
    </line>
    <line>
      <![CDATA[[info] 【line7】识别成功]]>
    </line>
    <line>
      <![CDATA[[info] 【locationEnsuredButton】识别成功]]>
    </line>
    <line>
      <![CDATA[[info] 【priceGlider】暂未找到，轮询中...]]>
    </line>
    <line>
      <![CDATA[[info] 【priceGlider】暂未找到，轮询中...]]>
    </line>
    <line>
      <![CDATA[[info] 【priceGlider】暂未找到，轮询中...]]>
    </line>
    <line>
      <![CDATA[[info] 【priceGlider】识别成功]]>
    </line>
    <line>
      <![CDATA[[info] 测试类：'gby.appium.listern.TestngRetry' 中的测试方法：'publishRoom' 执行失败，重试第 1 次]]>
    </line>
    <line>
      <![CDATA[[error] 【publishRoom】测试用例被跳过]]>
    </line>
    <line>
      <![CDATA[[info] 【homePageButton】未找到，识别失败,元素list长度为0]]>
    </line>
    <line>
      <![CDATA[[info] 正在返回首页...]]>
    </line>
    <line>
      <![CDATA[[info] 【homePageButton】未找到，识别失败,元素list长度为0]]>
    </line>
    <line>
      <![CDATA[[info] 正在返回首页...]]>
    </line>
    <line>
      <![CDATA[[info] 【homePageButton】未找到，识别失败,元素list长度为0]]>
    </line>
    <line>
      <![CDATA[[info] 正在返回首页...]]>
    </line>
    <line>
      <![CDATA[[info] 【homePageButton】未找到，识别失败,元素list长度为0]]>
    </line>
    <line>
      <![CDATA[[info] 正在返回首页...]]>
    </line>
    <line>
      <![CDATA[[info] 【homePageButton】未找到，识别失败,元素list长度为0]]>
    </line>
    <line>
      <![CDATA[[info] 正在返回首页...]]>
    </line>
    <line>
      <![CDATA[[info] 【homePageButton】未找到，识别失败,元素list长度为0]]>
    </line>
    <line>
      <![CDATA[[info] 正在返回首页...]]>
    </line>
    <line>
      <![CDATA[[info] 【homePageButton】未找到，识别失败,元素list长度为0]]>
    </line>
    <line>
      <![CDATA[[info] 正在返回首页...]]>
    </line>
    <line>
      <![CDATA[[info] 【homePageButton】未找到，识别失败,元素list长度为0]]>
    </line>
    <line>
      <![CDATA[[info] 正在返回首页...]]>
    </line>
    <line>
      <![CDATA[[info] 【homePageButton】识别成功]]>
    </line>
    <line>
      <![CDATA[[info] 正在返回首页...]]>
    </line>
    <line>
      <![CDATA[[info] 已返回首页]]>
    </line>
    <line>
      <![CDATA[[info] 【publishRoom】测试用例开始执行]]>
    </line>
    <line>
      <![CDATA[[info] 【titleInput】暂未找到，轮询中...]]>
    </line>
    <line>
      <![CDATA[[info] 【titleInput】暂未找到，轮询中...]]>
    </line>
    <line>
      <![CDATA[[info] 【titleInput】暂未找到，轮询中...]]>
    </line>
    <line>
      <![CDATA[[info] 【titleInput】暂未找到，轮询中...]]>
    </line>
    <line>
      <![CDATA[[info] 【titleInput】暂未找到，轮询中...]]>
    </line>
    <line>
      <![CDATA[[info] 【titleInput】暂未找到，轮询中...]]>
    </line>
    <line>
      <![CDATA[[info] 【titleInput】暂未找到，轮询中...]]>
    </line>
    <line>
      <![CDATA[[info] 【titleInput】暂未找到，轮询中...]]>
    </line>
    <line>
      <![CDATA[[info] 【titleInput】暂未找到，轮询中...]]>
    </line>
    <line>
      <![CDATA[[info] 【titleInput】暂未找到，轮询中...]]>
    </line>
    <line>
      <![CDATA[[info] 【titleInput】暂未找到，轮询中...]]>
    </line>
    <line>
      <![CDATA[[info] 【titleInput】暂未找到，轮询中...]]>
    </line>
    <line>
      <![CDATA[[info] 【titleInput】暂未找到，轮询中...]]>
    </line>
    <line>
      <![CDATA[[info] 【titleInput】暂未找到，轮询中...]]>
    </line>
    <line>
      <![CDATA[[info] 【titleInput】暂未找到，轮询中...]]>
    </line>
    <line>
      <![CDATA[[info] 【titleInput】暂未找到，轮询中...]]>
    </line>
    <line>
      <![CDATA[[error] 【titleInput】识别失败：识别超时]]>
    </line>
    <line>
      <![CDATA[[error] 【publishRoom】测试用例执行失败]]>
    </line>
    <line>
      <![CDATA[<a target='_blank' href="file:D:\git\Appium\vivoX9_screenshots\PublishPostCase.publishRoom_20180911105247.png">]]>
    </line>
    <line>
      <![CDATA[<img width="350" src="file:D:\git\Appium\vivoX9_screenshots\PublishPostCase.publishRoom_20180911105247.png" />    失败截图：D:\git\Appium\vivoX9_screenshots\PublishPostCase.publishRoom_20180911105247.png]]>
    </line>
    <line>
      <![CDATA[</a><br />]]>
    </line>
    <line>
      <![CDATA[[info] 【homePageButton】识别成功]]>
    </line>
    <line>
      <![CDATA[[info] 正在返回首页...]]>
    </line>
    <line>
      <![CDATA[[info] 已返回首页]]>
    </line>
    <line>
      <![CDATA[[info] 【mineButton】识别成功]]>
    </line>
    <line>
      <![CDATA[[error] 【titleInput】识别失败：识别超时]]>
    </line>
  </reporter-output>
  <suite name="Suite" duration-ms="138036" started-at="2018-09-11T02:50:31Z" finished-at="2018-09-11T02:52:49Z">
    <groups>
    </groups>
    <test name="vivoX9" duration-ms="138036" started-at="2018-09-11T02:50:31Z" finished-at="2018-09-11T02:52:49Z">
      <class name="gby.testng.testcase.InitDriverCase">
        <test-method status="PASS" signature="f(java.lang.String)[pri:0, instance:gby.testng.testcase.InitDriverCase@5f282abb]" name="f" duration-ms="56953" started-at="2018-09-11T02:50:32Z" finished-at="2018-09-11T02:51:29Z">
          <params>
            <param index="0">
              <value>
                <![CDATA[vivoX9]]>
              </value>
            </param>
          </params>
          <reporter-output>
            <line>
              <![CDATA[[info] 【f】测试用例开始执行]]>
            </line>
            <line>
              <![CDATA[[debug] deviceName: vivoX9]]>
            </line>
            <line>
              <![CDATA[[debug] 执行命令：[cmd, /c, adb connect 192.168.20.159:5555]]]>
            </line>
            <line>
              <![CDATA[[debug] 命令结果：already connected to 192.168.20.159:5555]]>
            </line>
            <line>
              <![CDATA[[info] AndroidDriver初始化完成，打开app成功]]>
            </line>
            <line>
              <![CDATA[[info] 【f】测试用例执行成功]]>
            </line>
          </reporter-output>
        </test-method> <!-- f -->
      </class> <!-- gby.testng.testcase.InitDriverCase -->
      <class name="gby.testng.testcase.PublishPostCase">
        <test-method status="PASS" signature="setup()[pri:0, instance:gby.testng.testcase.PublishPostCase@167fdd33]" name="setup" is-config="true" duration-ms="2" started-at="2018-09-11T02:51:29Z" finished-at="2018-09-11T02:51:29Z">
          <reporter-output>
          </reporter-output>
        </test-method> <!-- setup -->
        <test-method status="PASS" signature="intoPublisPostPage()[pri:0, instance:gby.testng.testcase.PublishPostCase@167fdd33]" name="intoPublisPostPage" duration-ms="18539" started-at="2018-09-11T02:51:29Z" finished-at="2018-09-11T02:51:47Z">
          <reporter-output>
            <line>
              <![CDATA[[info] 【intoPublisPostPage】测试用例开始执行]]>
            </line>
            <line>
              <![CDATA[[info] 【findRoommateButton】识别成功]]>
            </line>
            <line>
              <![CDATA[[info] 【publishIcon】识别成功]]>
            </line>
            <line>
              <![CDATA[[info] 【hasntRoomButton】识别成功]]>
            </line>
            <line>
              <![CDATA[[debug] 执行命令：[cmd, /c, adb -s 192.168.20.159:5555 shell dumpsys window | findstr mCurrentFocus]]]>
            </line>
            <line>
              <![CDATA[[debug] 命令结果：  mCurrentFocus=Window{d93a781 u0 com.loulifang.house/com.loulifang.house.activities.LoginActivity}]]>
            </line>
            <line>
              <![CDATA[[info] 【userName】识别成功]]>
            </line>
            <line>
              <![CDATA[[info] 【password】识别成功]]>
            </line>
            <line>
              <![CDATA[[info] 【loginButton】识别成功]]>
            </line>
            <line>
              <![CDATA[[info] 【hasntRoomButton】暂未找到，轮询中...]]>
            </line>
            <line>
              <![CDATA[[info] 【hasntRoomButton】暂未找到，轮询中...]]>
            </line>
            <line>
              <![CDATA[[info] 【hasntRoomButton】识别成功]]>
            </line>
            <line>
              <![CDATA[[info] 【hasntRoomButton】识别成功]]>
            </line>
            <line>
              <![CDATA[[info] 【titleInput】识别成功]]>
            </line>
            <line>
              <![CDATA[[info] 【intoPublisPostPage】测试用例执行成功]]>
            </line>
          </reporter-output>
        </test-method> <!-- intoPublisPostPage -->
        <test-method status="FAIL" signature="publishRoom()[pri:0, instance:gby.testng.testcase.PublishPostCase@167fdd33]" name="publishRoom" duration-ms="15581" started-at="2018-09-11T02:52:24Z" depends-on-methods="gby.testng.testcase.PublishPostCase.intoPublisPostPage" finished-at="2018-09-11T02:52:40Z">
          <exception class="java.lang.NullPointerException">
            <full-stacktrace>
              <![CDATA[java.lang.NullPointerException
at gby.appium.page.FindRoommateBasePage.inputText(FindRoommateBasePage.java:50)
at gby.testng.testcase.PublishPostCase.publishRoom(PublishPostCase.java:50)
at sun.reflect.NativeMethodAccessorImpl.invoke0(Native Method)
at sun.reflect.NativeMethodAccessorImpl.invoke(Unknown Source)
at sun.reflect.DelegatingMethodAccessorImpl.invoke(Unknown Source)
at java.lang.reflect.Method.invoke(Unknown Source)
at org.testng.internal.MethodInvocationHelper.invokeMethod(MethodInvocationHelper.java:124)
at org.testng.internal.Invoker.invokeMethod(Invoker.java:583)
at org.testng.internal.Invoker.retryFailed(Invoker.java:839)
at org.testng.internal.Invoker.invokeTestMethods(Invoker.java:1010)
at org.testng.internal.TestMethodWorker.invokeTestMethods(TestMethodWorker.java:125)
at org.testng.internal.TestMethodWorker.run(TestMethodWorker.java:109)
at org.testng.TestRunner.privateRun(TestRunner.java:648)
at org.testng.TestRunner.run(TestRunner.java:505)
at org.testng.SuiteRunner.runTest(SuiteRunner.java:455)
at org.testng.SuiteRunner.access$000(SuiteRunner.java:40)
at org.testng.SuiteRunner$SuiteWorker.run(SuiteRunner.java:489)
at org.testng.internal.thread.ThreadUtil$1.call(ThreadUtil.java:52)
at java.util.concurrent.FutureTask.run(Unknown Source)
at java.util.concurrent.ThreadPoolExecutor.runWorker(Unknown Source)
at java.util.concurrent.ThreadPoolExecutor$Worker.run(Unknown Source)
at java.lang.Thread.run(Unknown Source)
]]>
            </full-stacktrace>
          </exception> <!-- java.lang.NullPointerException -->
          <reporter-output>
            <line>
              <![CDATA[[info] 【publishRoom】测试用例开始执行]]>
            </line>
            <line>
              <![CDATA[[info] 【titleInput】暂未找到，轮询中...]]>
            </line>
            <line>
              <![CDATA[[info] 【titleInput】暂未找到，轮询中...]]>
            </line>
            <line>
              <![CDATA[[info] 【titleInput】暂未找到，轮询中...]]>
            </line>
            <line>
              <![CDATA[[info] 【titleInput】暂未找到，轮询中...]]>
            </line>
            <line>
              <![CDATA[[info] 【titleInput】暂未找到，轮询中...]]>
            </line>
            <line>
              <![CDATA[[info] 【titleInput】暂未找到，轮询中...]]>
            </line>
            <line>
              <![CDATA[[info] 【titleInput】暂未找到，轮询中...]]>
            </line>
            <line>
              <![CDATA[[info] 【titleInput】暂未找到，轮询中...]]>
            </line>
            <line>
              <![CDATA[[info] 【titleInput】暂未找到，轮询中...]]>
            </line>
            <line>
              <![CDATA[[info] 【titleInput】暂未找到，轮询中...]]>
            </line>
            <line>
              <![CDATA[[info] 【titleInput】暂未找到，轮询中...]]>
            </line>
            <line>
              <![CDATA[[info] 【titleInput】暂未找到，轮询中...]]>
            </line>
            <line>
              <![CDATA[[info] 【titleInput】暂未找到，轮询中...]]>
            </line>
            <line>
              <![CDATA[[info] 【titleInput】暂未找到，轮询中...]]>
            </line>
            <line>
              <![CDATA[[info] 【titleInput】暂未找到，轮询中...]]>
            </line>
            <line>
              <![CDATA[[info] 【titleInput】暂未找到，轮询中...]]>
            </line>
            <line>
              <![CDATA[[error] 【titleInput】识别失败：识别超时]]>
            </line>
            <line>
              <![CDATA[[error] 【publishRoom】测试用例执行失败]]>
            </line>
            <line>
              <![CDATA[<a target='_blank' href="file:D:\git\Appium\vivoX9_screenshots\PublishPostCase.publishRoom_20180911105247.png">]]>
            </line>
            <line>
              <![CDATA[<img width="350" src="file:D:\git\Appium\vivoX9_screenshots\PublishPostCase.publishRoom_20180911105247.png" />    失败截图：D:\git\Appium\vivoX9_screenshots\PublishPostCase.publishRoom_20180911105247.png]]>
            </line>
            <line>
              <![CDATA[</a><br />]]>
            </line>
            <line>
              <![CDATA[[info] 【homePageButton】识别成功]]>
            </line>
            <line>
              <![CDATA[[info] 正在返回首页...]]>
            </line>
            <line>
              <![CDATA[[info] 已返回首页]]>
            </line>
          </reporter-output>
        </test-method> <!-- publishRoom -->
        <test-method status="FAIL" signature="deletePost()[pri:0, instance:gby.testng.testcase.PublishPostCase@167fdd33]" name="deletePost" is-config="true" duration-ms="693" started-at="2018-09-11T02:52:48Z" finished-at="2018-09-11T02:52:49Z">
          <exception class="java.lang.AssertionError">
            <message>
              <![CDATA[检查点检查出错误]]>
            </message>
            <full-stacktrace>
              <![CDATA[java.lang.AssertionError: 检查点检查出错误
at org.testng.Assert.fail(Assert.java:96)
at gby.appium.utils.AssertUtils.checkIsNextPage(AssertUtils.java:148)
at gby.testng.testcase.PublishPostCase.deletePost(PublishPostCase.java:66)
at sun.reflect.NativeMethodAccessorImpl.invoke0(Native Method)
at sun.reflect.NativeMethodAccessorImpl.invoke(Unknown Source)
at sun.reflect.DelegatingMethodAccessorImpl.invoke(Unknown Source)
at java.lang.reflect.Method.invoke(Unknown Source)
at org.testng.internal.MethodInvocationHelper.invokeMethod(MethodInvocationHelper.java:124)
at org.testng.internal.MethodInvocationHelper.invokeMethodConsideringTimeout(MethodInvocationHelper.java:59)
at org.testng.internal.Invoker.invokeConfigurationMethod(Invoker.java:458)
at org.testng.internal.Invoker.invokeConfigurations(Invoker.java:222)
at org.testng.internal.Invoker.invokeConfigurations(Invoker.java:142)
at org.testng.internal.TestMethodWorker.invokeAfterClassMethods(TestMethodWorker.java:214)
at org.testng.internal.TestMethodWorker.run(TestMethodWorker.java:111)
at org.testng.TestRunner.privateRun(TestRunner.java:648)
at org.testng.TestRunner.run(TestRunner.java:505)
at org.testng.SuiteRunner.runTest(SuiteRunner.java:455)
at org.testng.SuiteRunner.access$000(SuiteRunner.java:40)
at org.testng.SuiteRunner$SuiteWorker.run(SuiteRunner.java:489)
at org.testng.internal.thread.ThreadUtil$1.call(ThreadUtil.java:52)
at java.util.concurrent.FutureTask.run(Unknown Source)
at java.util.concurrent.ThreadPoolExecutor.runWorker(Unknown Source)
at java.util.concurrent.ThreadPoolExecutor$Worker.run(Unknown Source)
at java.lang.Thread.run(Unknown Source)
]]>
            </full-stacktrace>
          </exception> <!-- java.lang.AssertionError -->
          <reporter-output>
            <line>
              <![CDATA[[info] 【mineButton】识别成功]]>
            </line>
            <line>
              <![CDATA[[error] 【titleInput】识别失败：识别超时]]>
            </line>
          </reporter-output>
        </test-method> <!-- deletePost -->
      </class> <!-- gby.testng.testcase.PublishPostCase -->
    </test> <!-- vivoX9 -->
  </suite> <!-- Suite -->
</testng-results>
