<?xml version="1.0" encoding="UTF-8"?>
<testng-results skipped="0" failed="0" ignored="0" total="4" passed="4">
  <reporter-output>
    <line>
      <![CDATA[[info] 测试初始化]]>
    </line>
    <line>
      <![CDATA[[info] 【f】测试用例开始执行]]>
    </line>
    <line>
      <![CDATA[[debug] deviceName: vivoX9]]>
    </line>
    <line>
      <![CDATA[[debug] 执行命令：[cmd, /c, adb connect 192.168.20.159:5555]]]>
    </line>
    <line>
      <![CDATA[[debug] 命令结果：already connected to 192.168.20.159:5555]]>
    </line>
    <line>
      <![CDATA[[info] 测试类：'gby.appium.listern.TestngRetry' 中的测试方法：'f' 执行失败，重试第 1 次]]>
    </line>
    <line>
      <![CDATA[[error] 【f】测试用例被跳过]]>
    </line>
    <line>
      <![CDATA[[info] 【f】测试用例开始执行]]>
    </line>
    <line>
      <![CDATA[[debug] deviceName: vivoX9]]>
    </line>
    <line>
      <![CDATA[[debug] 执行命令：[cmd, /c, adb connect 192.168.20.159:5555]]]>
    </line>
    <line>
      <![CDATA[[debug] 命令结果：already connected to 192.168.20.159:5555]]>
    </line>
    <line>
      <![CDATA[[info] AndroidDriver初始化完成，打开app成功]]>
    </line>
    <line>
      <![CDATA[[info] 【f】测试用例执行成功]]>
    </line>
    <line>
      <![CDATA[[error] 【f】测试用例执行失败]]>
    </line>
    <line>
      <![CDATA[<a target='_blank' href="file:C:\Users\Administrator\git\appiumUI\vivoX9_screenshots\InitDriverCase.f_20180914044252.png">]]>
    </line>
    <line>
      <![CDATA[<img width="350" src="file:C:\Users\Administrator\git\appiumUI\vivoX9_screenshots\InitDriverCase.f_20180914044252.png" />    失败截图：C:\Users\Administrator\git\appiumUI\vivoX9_screenshots\InitDriverCase.f_20180914044252.png]]>
    </line>
    <line>
      <![CDATA[</a><br />]]>
    </line>
    <line>
      <![CDATA[[info] 【homePageButton】识别成功]]>
    </line>
    <line>
      <![CDATA[[info] 正在返回首页...]]>
    </line>
    <line>
      <![CDATA[[info] 已返回首页]]>
    </line>
    <line>
      <![CDATA[[info] 【login】测试用例开始执行]]>
    </line>
    <line>
      <![CDATA[[info] 【mineButton】识别成功]]>
    </line>
    <line>
      <![CDATA[[info] 【loginButton】识别成功]]>
    </line>
    <line>
      <![CDATA[[info] 【userName】识别成功]]>
    </line>
    <line>
      <![CDATA[[info] 【password】识别成功]]>
    </line>
    <line>
      <![CDATA[[info] 【loginButton】识别成功]]>
    </line>
    <line>
      <![CDATA[[debug] 【phoneNumber】暂未找到，轮询中...]]>
    </line>
    <line>
      <![CDATA[[info] 【phoneNumber】识别成功]]>
    </line>
    <line>
      <![CDATA[<P style="font-size:1.1em;color:#1C9340"><b>┌───────────────────────┤ＣＨＥＣＫ　ＰＯＩＮＴ├───────────────────────┐<br>[目标]：检查登录是否成功<br>[实际]：phoneNumber Not NULL　[预期]：预期 Not NULL<br>└──────────────────────────────────────────────────────────────────┘</b></P>]]>
    </line>
    <line>
      <![CDATA[[info] 【检查点检查成功】  [实际]：phoneNumber Not NULL　[预期]：预期 Not NULL]]>
    </line>
    <line>
      <![CDATA[[info] 【phoneNumber】识别成功]]>
    </line>
    <line>
      <![CDATA[[info] 【phoneNumber】识别成功]]>
    </line>
    <line>
      <![CDATA[<P style="font-size:1.1em;color:#1C9340"><b>┌───────────────────────┤ＣＨＥＣＫ　ＰＯＩＮＴ├───────────────────────┐<br>[目标]：检查登录是否成功<br>[实际]：phoneNumber的值为：15575993304　[预期]：预期的值为：15575993304<br>└──────────────────────────────────────────────────────────────────┘</b></P>]]>
    </line>
    <line>
      <![CDATA[[info] 【检查点检查成功】  [实际]：phoneNumber的值为：15575993304　[预期]：预期的值为：15575993304]]>
    </line>
    <line>
      <![CDATA[[info] 【login】测试用例执行成功]]>
    </line>
    <line>
      <![CDATA[[info] 【searchHouse】测试用例开始执行]]>
    </line>
    <line>
      <![CDATA[[info] 【homePageButton】识别成功]]>
    </line>
    <line>
      <![CDATA[[info] 【areaSelector】识别成功]]>
    </line>
    <line>
      <![CDATA[[info] 【moneySelector】识别成功]]>
    </line>
    <line>
      <![CDATA[[info] 【sortSelector】识别成功]]>
    </line>
    <line>
      <![CDATA[[info] 【moreSelector】识别成功]]>
    </line>
    <line>
      <![CDATA[[info] 【moreEnsureButotn】识别成功]]>
    </line>
    <line>
      <![CDATA[[info] 【prices】识别成功]]>
    </line>
    <line>
      <![CDATA[[debug] 往上滑动：540_1440 to 540_480]]>
    </line>
    <line>
      <![CDATA[[info] 【prices】识别成功]]>
    </line>
    <line>
      <![CDATA[[debug] 往上滑动：540_1440 to 540_480]]>
    </line>
    <line>
      <![CDATA[[info] 【prices】识别成功]]>
    </line>
    <line>
      <![CDATA[[debug] 往上滑动：540_1440 to 540_480]]>
    </line>
    <line>
      <![CDATA[[info] 【prices】识别成功]]>
    </line>
    <line>
      <![CDATA[[debug] 往上滑动：540_1440 to 540_480]]>
    </line>
    <line>
      <![CDATA[<P style="font-size:1.1em;color:#1C9340"><b>┌───────────────────────┤ＣＨＥＣＫ　ＰＯＩＮＴ├───────────────────────┐<br>[目标]：检查价格上限是否正确<br>[实际]：传入的对象 ：true　[预期]：实际：true<br>└──────────────────────────────────────────────────────────────────┘</b></P>]]>
    </line>
    <line>
      <![CDATA[[info] 【检查点检查成功】  [实际]：传入的对象 ：true　[预期]：实际：true]]>
    </line>
    <line>
      <![CDATA[<P style="font-size:1.1em;color:#1C9340"><b>┌───────────────────────┤ＣＨＥＣＫ　ＰＯＩＮＴ├───────────────────────┐<br>[目标]：检查价格下限是否正确<br>[实际]：传入的对象 ：true　[预期]：实际：true<br>└──────────────────────────────────────────────────────────────────┘</b></P>]]>
    </line>
    <line>
      <![CDATA[[info] 【检查点检查成功】  [实际]：传入的对象 ：true　[预期]：实际：true]]>
    </line>
    <line>
      <![CDATA[<P style="font-size:1.1em;color:#1C9340"><b>┌───────────────────────┤ＣＨＥＣＫ　ＰＯＩＮＴ├───────────────────────┐<br>[目标]：检查价格排序是否正确<br>[实际]：传入的对象 ：[1500, 1500, 1500, 1500, 1500, 1500, 1500, 1500, 1500, 1500, 1500, 1500, 1500, 1600]　[预期]：实际：[1500, 1500, 1500, 1500, 1500, 1500, 1500, 1500, 1500, 1500, 1500, 1500, 1500, 1600]<br>└──────────────────────────────────────────────────────────────────┘</b></P>]]>
    </line>
    <line>
      <![CDATA[[info] 【检查点检查成功】  [实际]：传入的对象 ：[1500, 1500, 1500, 1500, 1500, 1500, 1500, 1500, 1500, 1500, 1500, 1500, 1500, 1600]　[预期]：实际：[1500, 1500, 1500, 1500, 1500, 1500, 1500, 1500, 1500, 1500, 1500, 1500, 1500, 1600]]]>
    </line>
    <line>
      <![CDATA[[info] 【searchHouse】测试用例执行成功]]>
    </line>
    <line>
      <![CDATA[[info] 【publishRoom】测试用例开始执行]]>
    </line>
    <line>
      <![CDATA[[info] 【findRoommateButton】识别成功]]>
    </line>
    <line>
      <![CDATA[[info] 【publishIcon】识别成功]]>
    </line>
    <line>
      <![CDATA[[debug] 【hasntRoomButton】暂未找到，轮询中...]]>
    </line>
    <line>
      <![CDATA[[info] 【hasntRoomButton】识别成功]]>
    </line>
    <line>
      <![CDATA[[debug] 执行命令：[cmd, /c, adb -s 192.168.20.159:5555 shell dumpsys window | findstr mCurrentFocus]]]>
    </line>
    <line>
      <![CDATA[[debug] 命令结果：  mCurrentFocus=Window{feff7b6 u0 com.loulifang.house/com.loulifang.house.activities.CreateNoRomTopicActivity}]]>
    </line>
    <line>
      <![CDATA[[info] 【titleInput】识别成功]]>
    </line>
    <line>
      <![CDATA[<P style="font-size:1.1em;color:#1C9340"><b>┌───────────────────────┤ＣＨＥＣＫ　ＰＯＩＮＴ├───────────────────────┐<br>[目标]：检查是否进入发帖页<br>[实际]：titleInput Not NULL　[预期]：预期 Not NULL<br>└──────────────────────────────────────────────────────────────────┘</b></P>]]>
    </line>
    <line>
      <![CDATA[[info] 【检查点检查成功】  [实际]：titleInput Not NULL　[预期]：预期 Not NULL]]>
    </line>
    <line>
      <![CDATA[[info] 【titleInput】识别成功]]>
    </line>
    <line>
      <![CDATA[[info] 【otherContentInput】识别成功]]>
    </line>
    <line>
      <![CDATA[[info] 【locationButton】识别成功]]>
    </line>
    <line>
      <![CDATA[[info] 【locationEnsuredButton】识别成功]]>
    </line>
    <line>
      <![CDATA[[info] 【priceGlider】识别成功]]>
    </line>
    <line>
      <![CDATA[[info] 【addImagesButton】识别成功]]>
    </line>
    <line>
      <![CDATA[[info] 【albumButton】识别成功]]>
    </line>
    <line>
      <![CDATA[[info] 【imagesAlbum】识别成功]]>
    </line>
    <line>
      <![CDATA[[info] 【images】识别成功]]>
    </line>
    <line>
      <![CDATA[[info] 【imagesEnsuredButton】识别成功]]>
    </line>
    <line>
      <![CDATA[[info] 【publishButton】识别成功]]>
    </line>
    <line>
      <![CDATA[[info] 【publishRoom】测试用例执行成功]]>
    </line>
    <line>
      <![CDATA[[info] 【mineButton】识别成功]]>
    </line>
    <line>
      <![CDATA[[info] 【loginButton】识别成功]]>
    </line>
    <line>
      <![CDATA[<P style="font-size:1.1em;color:#1C9340"><b>┌───────────────────────┤ＣＨＥＣＫ　ＰＯＩＮＴ├───────────────────────┐<br>[目标]：检查是否进入我的页面<br>[实际]：loginButton Not NULL　[预期]：预期 Not NULL<br>└──────────────────────────────────────────────────────────────────┘</b></P>]]>
    </line>
    <line>
      <![CDATA[[info] 【检查点检查成功】  [实际]：loginButton Not NULL　[预期]：预期 Not NULL]]>
    </line>
    <line>
      <![CDATA[[debug] 【myPostButton】暂未找到，轮询中...]]>
    </line>
    <line>
      <![CDATA[[debug] 【myPostButton】暂未找到，轮询中...]]>
    </line>
    <line>
      <![CDATA[[debug] 【myPostButton】暂未找到，轮询中...]]>
    </line>
    <line>
      <![CDATA[[debug] 【myPostButton】暂未找到，轮询中...]]>
    </line>
    <line>
      <![CDATA[[debug] 【myPostButton】暂未找到，轮询中...]]>
    </line>
    <line>
      <![CDATA[[debug] 【myPostButton】暂未找到，轮询中...]]>
    </line>
    <line>
      <![CDATA[[debug] 【myPostButton】暂未找到，轮询中...]]>
    </line>
    <line>
      <![CDATA[[debug] 【myPostButton】暂未找到，轮询中...]]>
    </line>
    <line>
      <![CDATA[[debug] 【myPostButton】暂未找到，轮询中...]]>
    </line>
    <line>
      <![CDATA[[debug] 【myPostButton】暂未找到，轮询中...]]>
    </line>
    <line>
      <![CDATA[[debug] 【myPostButton】暂未找到，轮询中...]]>
    </line>
    <line>
      <![CDATA[[debug] 【myPostButton】暂未找到，轮询中...]]>
    </line>
    <line>
      <![CDATA[[debug] 【myPostButton】暂未找到，轮询中...]]>
    </line>
    <line>
      <![CDATA[[debug] 【myPostButton】暂未找到，轮询中...]]>
    </line>
    <line>
      <![CDATA[[debug] 【myPostButton】暂未找到，轮询中...]]>
    </line>
    <line>
      <![CDATA[[debug] 【myPostButton】暂未找到，轮询中...]]>
    </line>
    <line>
      <![CDATA[[debug] 【myPostButton】暂未找到，轮询中...]]>
    </line>
    <line>
      <![CDATA[[debug] 【myPostButton】暂未找到，轮询中...]]>
    </line>
    <line>
      <![CDATA[[debug] 【myPostButton】暂未找到，轮询中...]]>
    </line>
    <line>
      <![CDATA[[debug] 【myPostButton】暂未找到，轮询中...]]>
    </line>
    <line>
      <![CDATA[[debug] 【myPostButton】暂未找到，轮询中...]]>
    </line>
    <line>
      <![CDATA[[debug] 【myPostButton】暂未找到，轮询中...]]>
    </line>
    <line>
      <![CDATA[[debug] 【myPostButton】暂未找到，轮询中...]]>
    </line>
    <line>
      <![CDATA[[debug] 【myPostButton】暂未找到，轮询中...]]>
    </line>
    <line>
      <![CDATA[[error] 【myPostButton】识别失败：识别超时Expected condition failed: waiting for gby.appium.page.BasePage$1@294da7c5 (tried for 15 second(s) with 500 milliseconds interval)
Build info: version: '3.12.0', revision: '7c6e0b3', time: '2018-05-08T14:04:26.12Z'
System info: host: '桂宝元', ip: '192.168.10.77', os.name: 'Windows 7', os.arch: 'amd64', os.version: '6.1', java.version: '1.8.0_171'
Driver info: io.appium.java_client.android.AndroidDriver
Capabilities {app: C:\Users\Administrator\git\..., appActivity: com.loulifang.house.activit..., appPackage: com.loulifang.house, automationName: uiautomator2, databaseEnabled: false, desired: {app: C:\Users\Administrator\git\..., appActivity: com.loulifang.house.activit..., appPackage: com.loulifang.house, automationName: uiautomator2, deviceName: vivoX9, platformName: android, platformVersion: 7.1.2, resetKeyboard: true, udid: 192.168.20.159:5555, unicodeKeyboard: true}, deviceApiLevel: 25, deviceManufacturer: vivo, deviceModel: vivo X9, deviceName: 192.168.20.159:5555, deviceScreenDensity: 480, deviceScreenSize: 1080x1920, deviceUDID: 192.168.20.159:5555, javascriptEnabled: true, locationContextEnabled: false, networkConnectionEnabled: true, pixelRatio: 3, platform: LINUX, platformName: Android, platformVersion: 7.1.2, resetKeyboard: true, statBarHeight: 72, takesScreenshot: true, udid: 192.168.20.159:5555, unicodeKeyboard: true, viewportRect: {height: 1848, left: 0, top: 72, width: 1080}, warnings: {}, webStorageEnabled: false}
Session ID: 2a758a74-a7c3-44a2-89b4-bb2dc1e36534]]>
    </line>
    <line>
      <![CDATA[[debug] 往上滑动：540_1440 to 540_480]]>
    </line>
    <line>
      <![CDATA[[info] 【myPostButton】识别成功]]>
    </line>
    <line>
      <![CDATA[[info] 【myPostButton】识别成功]]>
    </line>
    <line>
      <![CDATA[[info] 【myPostButton】识别成功]]>
    </line>
    <line>
      <![CDATA[[debug] 【deleteButtons】暂未找到，轮询中...]]>
    </line>
    <line>
      <![CDATA[[info] 【deleteButtons】识别成功]]>
    </line>
    <line>
      <![CDATA[[info] 【deleteEnsureButton】识别成功]]>
    </line>
    <line>
      <![CDATA[[info] 【homePageButton】未找到，识别失败,元素list长度为0]]>
    </line>
    <line>
      <![CDATA[[info] 正在返回首页...]]>
    </line>
    <line>
      <![CDATA[[info] 【homePageButton】识别成功]]>
    </line>
    <line>
      <![CDATA[[info] 正在返回首页...]]>
    </line>
    <line>
      <![CDATA[[info] 已返回首页]]>
    </line>
    <line>
      <![CDATA[[info] 【mineButton】识别成功]]>
    </line>
    <line>
      <![CDATA[[info] 【settingButton】识别成功]]>
    </line>
    <line>
      <![CDATA[[info] 【logoutOption】识别成功]]>
    </line>
    <line>
      <![CDATA[[debug] 【logoutEnsureButton】暂未找到，轮询中...]]>
    </line>
    <line>
      <![CDATA[[info] 【logoutEnsureButton】识别成功]]>
    </line>
    <line>
      <![CDATA[[info] 【nickname】识别成功]]>
    </line>
    <line>
      <![CDATA[<P style="font-size:1.1em;color:#1C9340"><b>┌───────────────────────┤ＣＨＥＣＫ　ＰＯＩＮＴ├───────────────────────┐<br>[目标]：检查注销是否成功<br>[实际]：nickname Not NULL　[预期]：预期 Not NULL<br>└──────────────────────────────────────────────────────────────────┘</b></P>]]>
    </line>
    <line>
      <![CDATA[[info] 【检查点检查成功】  [实际]：nickname Not NULL　[预期]：预期 Not NULL]]>
    </line>
    <line>
      <![CDATA[[info] 【nickname】识别成功]]>
    </line>
    <line>
      <![CDATA[[info] 【nickname】识别成功]]>
    </line>
    <line>
      <![CDATA[<P style="font-size:1.1em;color:#1C9340"><b>┌───────────────────────┤ＣＨＥＣＫ　ＰＯＩＮＴ├───────────────────────┐<br>[目标]：检查注销是否成功<br>[实际]：nickname的值为：立即登录　[预期]：预期的值为：立即登录<br>└──────────────────────────────────────────────────────────────────┘</b></P>]]>
    </line>
    <line>
      <![CDATA[[info] 【检查点检查成功】  [实际]：nickname的值为：立即登录　[预期]：预期的值为：立即登录]]>
    </line>
  </reporter-output>
  <suite name="Suite" duration-ms="185246" started-at="2018-09-14T08:41:29Z" finished-at="2018-09-14T08:44:34Z">
    <groups>
    </groups>
    <test name="vivoX9" duration-ms="185246" started-at="2018-09-14T08:41:29Z" finished-at="2018-09-14T08:44:34Z">
      <class name="gby.testng.testcase.LoginCase">
        <test-method status="PASS" signature="beforeClass()[pri:0, instance:gby.testng.testcase.LoginCase@1786dec2]" name="beforeClass" is-config="true" duration-ms="3" started-at="2018-09-14T08:42:53Z" finished-at="2018-09-14T08:42:53Z">
          <reporter-output>
          </reporter-output>
        </test-method> <!-- beforeClass -->
        <test-method status="PASS" signature="login()[pri:0, instance:gby.testng.testcase.LoginCase@1786dec2]" name="login" duration-ms="7970" started-at="2018-09-14T08:42:53Z" finished-at="2018-09-14T08:43:01Z">
          <reporter-output>
            <line>
              <![CDATA[[info] 【login】测试用例开始执行]]>
            </line>
            <line>
              <![CDATA[[info] 【mineButton】识别成功]]>
            </line>
            <line>
              <![CDATA[[info] 【loginButton】识别成功]]>
            </line>
            <line>
              <![CDATA[[info] 【userName】识别成功]]>
            </line>
            <line>
              <![CDATA[[info] 【password】识别成功]]>
            </line>
            <line>
              <![CDATA[[info] 【loginButton】识别成功]]>
            </line>
            <line>
              <![CDATA[[debug] 【phoneNumber】暂未找到，轮询中...]]>
            </line>
            <line>
              <![CDATA[[info] 【phoneNumber】识别成功]]>
            </line>
            <line>
              <![CDATA[<P style="font-size:1.1em;color:#1C9340"><b>┌───────────────────────┤ＣＨＥＣＫ　ＰＯＩＮＴ├───────────────────────┐<br>[目标]：检查登录是否成功<br>[实际]：phoneNumber Not NULL　[预期]：预期 Not NULL<br>└──────────────────────────────────────────────────────────────────┘</b></P>]]>
            </line>
            <line>
              <![CDATA[[info] 【检查点检查成功】  [实际]：phoneNumber Not NULL　[预期]：预期 Not NULL]]>
            </line>
            <line>
              <![CDATA[[info] 【phoneNumber】识别成功]]>
            </line>
            <line>
              <![CDATA[[info] 【phoneNumber】识别成功]]>
            </line>
            <line>
              <![CDATA[<P style="font-size:1.1em;color:#1C9340"><b>┌───────────────────────┤ＣＨＥＣＫ　ＰＯＩＮＴ├───────────────────────┐<br>[目标]：检查登录是否成功<br>[实际]：phoneNumber的值为：15575993304　[预期]：预期的值为：15575993304<br>└──────────────────────────────────────────────────────────────────┘</b></P>]]>
            </line>
            <line>
              <![CDATA[[info] 【检查点检查成功】  [实际]：phoneNumber的值为：15575993304　[预期]：预期的值为：15575993304]]>
            </line>
            <line>
              <![CDATA[[info] 【login】测试用例执行成功]]>
            </line>
          </reporter-output>
        </test-method> <!-- login -->
        <test-method status="PASS" signature="logout()[pri:0, instance:gby.testng.testcase.LoginCase@1786dec2]" name="logout" is-config="true" duration-ms="5963" started-at="2018-09-14T08:44:28Z" finished-at="2018-09-14T08:44:34Z">
          <reporter-output>
            <line>
              <![CDATA[[info] 【homePageButton】未找到，识别失败,元素list长度为0]]>
            </line>
            <line>
              <![CDATA[[info] 正在返回首页...]]>
            </line>
            <line>
              <![CDATA[[info] 【homePageButton】识别成功]]>
            </line>
            <line>
              <![CDATA[[info] 正在返回首页...]]>
            </line>
            <line>
              <![CDATA[[info] 已返回首页]]>
            </line>
            <line>
              <![CDATA[[info] 【mineButton】识别成功]]>
            </line>
            <line>
              <![CDATA[[info] 【settingButton】识别成功]]>
            </line>
            <line>
              <![CDATA[[info] 【logoutOption】识别成功]]>
            </line>
            <line>
              <![CDATA[[debug] 【logoutEnsureButton】暂未找到，轮询中...]]>
            </line>
            <line>
              <![CDATA[[info] 【logoutEnsureButton】识别成功]]>
            </line>
            <line>
              <![CDATA[[info] 【nickname】识别成功]]>
            </line>
            <line>
              <![CDATA[<P style="font-size:1.1em;color:#1C9340"><b>┌───────────────────────┤ＣＨＥＣＫ　ＰＯＩＮＴ├───────────────────────┐<br>[目标]：检查注销是否成功<br>[实际]：nickname Not NULL　[预期]：预期 Not NULL<br>└──────────────────────────────────────────────────────────────────┘</b></P>]]>
            </line>
            <line>
              <![CDATA[[info] 【检查点检查成功】  [实际]：nickname Not NULL　[预期]：预期 Not NULL]]>
            </line>
            <line>
              <![CDATA[[info] 【nickname】识别成功]]>
            </line>
            <line>
              <![CDATA[[info] 【nickname】识别成功]]>
            </line>
            <line>
              <![CDATA[<P style="font-size:1.1em;color:#1C9340"><b>┌───────────────────────┤ＣＨＥＣＫ　ＰＯＩＮＴ├───────────────────────┐<br>[目标]：检查注销是否成功<br>[实际]：nickname的值为：立即登录　[预期]：预期的值为：立即登录<br>└──────────────────────────────────────────────────────────────────┘</b></P>]]>
            </line>
            <line>
              <![CDATA[[info] 【检查点检查成功】  [实际]：nickname的值为：立即登录　[预期]：预期的值为：立即登录]]>
            </line>
          </reporter-output>
        </test-method> <!-- logout -->
      </class> <!-- gby.testng.testcase.LoginCase -->
      <class name="gby.testng.testcase.InitDriverCase">
        <test-method status="PASS" signature="f(java.lang.String)[pri:0, instance:gby.testng.testcase.InitDriverCase@3b088d51]" name="f" duration-ms="29526" started-at="2018-09-14T08:42:21Z" finished-at="2018-09-14T08:42:51Z">
          <params>
            <param index="0">
              <value>
                <![CDATA[vivoX9]]>
              </value>
            </param>
          </params>
          <reporter-output>
            <line>
              <![CDATA[[info] 【f】测试用例开始执行]]>
            </line>
            <line>
              <![CDATA[[debug] deviceName: vivoX9]]>
            </line>
            <line>
              <![CDATA[[debug] 执行命令：[cmd, /c, adb connect 192.168.20.159:5555]]]>
            </line>
            <line>
              <![CDATA[[debug] 命令结果：already connected to 192.168.20.159:5555]]>
            </line>
            <line>
              <![CDATA[[info] AndroidDriver初始化完成，打开app成功]]>
            </line>
            <line>
              <![CDATA[[info] 【f】测试用例执行成功]]>
            </line>
          </reporter-output>
        </test-method> <!-- f -->
      </class> <!-- gby.testng.testcase.InitDriverCase -->
      <class name="gby.testng.testcase.HouseSearchCase">
        <test-method status="PASS" signature="beforeClass()[pri:0, instance:gby.testng.testcase.HouseSearchCase@74650e52]" name="beforeClass" is-config="true" duration-ms="5" started-at="2018-09-14T08:43:01Z" finished-at="2018-09-14T08:43:01Z">
          <reporter-output>
          </reporter-output>
        </test-method> <!-- beforeClass -->
        <test-method status="PASS" signature="searchHouse()[pri:0, instance:gby.testng.testcase.HouseSearchCase@74650e52]" name="searchHouse" duration-ms="32694" started-at="2018-09-14T08:43:01Z" finished-at="2018-09-14T08:43:34Z">
          <reporter-output>
            <line>
              <![CDATA[[info] 【searchHouse】测试用例开始执行]]>
            </line>
            <line>
              <![CDATA[[info] 【homePageButton】识别成功]]>
            </line>
            <line>
              <![CDATA[[info] 【areaSelector】识别成功]]>
            </line>
            <line>
              <![CDATA[[info] 【moneySelector】识别成功]]>
            </line>
            <line>
              <![CDATA[[info] 【sortSelector】识别成功]]>
            </line>
            <line>
              <![CDATA[[info] 【moreSelector】识别成功]]>
            </line>
            <line>
              <![CDATA[[info] 【moreEnsureButotn】识别成功]]>
            </line>
            <line>
              <![CDATA[[info] 【prices】识别成功]]>
            </line>
            <line>
              <![CDATA[[debug] 往上滑动：540_1440 to 540_480]]>
            </line>
            <line>
              <![CDATA[[info] 【prices】识别成功]]>
            </line>
            <line>
              <![CDATA[[debug] 往上滑动：540_1440 to 540_480]]>
            </line>
            <line>
              <![CDATA[[info] 【prices】识别成功]]>
            </line>
            <line>
              <![CDATA[[debug] 往上滑动：540_1440 to 540_480]]>
            </line>
            <line>
              <![CDATA[[info] 【prices】识别成功]]>
            </line>
            <line>
              <![CDATA[[debug] 往上滑动：540_1440 to 540_480]]>
            </line>
            <line>
              <![CDATA[<P style="font-size:1.1em;color:#1C9340"><b>┌───────────────────────┤ＣＨＥＣＫ　ＰＯＩＮＴ├───────────────────────┐<br>[目标]：检查价格上限是否正确<br>[实际]：传入的对象 ：true　[预期]：实际：true<br>└──────────────────────────────────────────────────────────────────┘</b></P>]]>
            </line>
            <line>
              <![CDATA[[info] 【检查点检查成功】  [实际]：传入的对象 ：true　[预期]：实际：true]]>
            </line>
            <line>
              <![CDATA[<P style="font-size:1.1em;color:#1C9340"><b>┌───────────────────────┤ＣＨＥＣＫ　ＰＯＩＮＴ├───────────────────────┐<br>[目标]：检查价格下限是否正确<br>[实际]：传入的对象 ：true　[预期]：实际：true<br>└──────────────────────────────────────────────────────────────────┘</b></P>]]>
            </line>
            <line>
              <![CDATA[[info] 【检查点检查成功】  [实际]：传入的对象 ：true　[预期]：实际：true]]>
            </line>
            <line>
              <![CDATA[<P style="font-size:1.1em;color:#1C9340"><b>┌───────────────────────┤ＣＨＥＣＫ　ＰＯＩＮＴ├───────────────────────┐<br>[目标]：检查价格排序是否正确<br>[实际]：传入的对象 ：[1500, 1500, 1500, 1500, 1500, 1500, 1500, 1500, 1500, 1500, 1500, 1500, 1500, 1600]　[预期]：实际：[1500, 1500, 1500, 1500, 1500, 1500, 1500, 1500, 1500, 1500, 1500, 1500, 1500, 1600]<br>└──────────────────────────────────────────────────────────────────┘</b></P>]]>
            </line>
            <line>
              <![CDATA[[info] 【检查点检查成功】  [实际]：传入的对象 ：[1500, 1500, 1500, 1500, 1500, 1500, 1500, 1500, 1500, 1500, 1500, 1500, 1500, 1600]　[预期]：实际：[1500, 1500, 1500, 1500, 1500, 1500, 1500, 1500, 1500, 1500, 1500, 1500, 1500, 1600]]]>
            </line>
            <line>
              <![CDATA[[info] 【searchHouse】测试用例执行成功]]>
            </line>
          </reporter-output>
        </test-method> <!-- searchHouse -->
      </class> <!-- gby.testng.testcase.HouseSearchCase -->
      <class name="gby.testng.testcase.PublishPostCase">
        <test-method status="PASS" signature="setup()[pri:0, instance:gby.testng.testcase.PublishPostCase@15d0c81b]" name="setup" is-config="true" duration-ms="1" started-at="2018-09-14T08:43:34Z" finished-at="2018-09-14T08:43:34Z">
          <reporter-output>
          </reporter-output>
        </test-method> <!-- setup -->
        <test-method status="PASS" signature="publishRoom()[pri:0, instance:gby.testng.testcase.PublishPostCase@15d0c81b]" name="publishRoom" duration-ms="32687" started-at="2018-09-14T08:43:34Z" finished-at="2018-09-14T08:44:06Z">
          <reporter-output>
            <line>
              <![CDATA[[info] 【publishRoom】测试用例开始执行]]>
            </line>
            <line>
              <![CDATA[[info] 【findRoommateButton】识别成功]]>
            </line>
            <line>
              <![CDATA[[info] 【publishIcon】识别成功]]>
            </line>
            <line>
              <![CDATA[[debug] 【hasntRoomButton】暂未找到，轮询中...]]>
            </line>
            <line>
              <![CDATA[[info] 【hasntRoomButton】识别成功]]>
            </line>
            <line>
              <![CDATA[[debug] 执行命令：[cmd, /c, adb -s 192.168.20.159:5555 shell dumpsys window | findstr mCurrentFocus]]]>
            </line>
            <line>
              <![CDATA[[debug] 命令结果：  mCurrentFocus=Window{feff7b6 u0 com.loulifang.house/com.loulifang.house.activities.CreateNoRomTopicActivity}]]>
            </line>
            <line>
              <![CDATA[[info] 【titleInput】识别成功]]>
            </line>
            <line>
              <![CDATA[<P style="font-size:1.1em;color:#1C9340"><b>┌───────────────────────┤ＣＨＥＣＫ　ＰＯＩＮＴ├───────────────────────┐<br>[目标]：检查是否进入发帖页<br>[实际]：titleInput Not NULL　[预期]：预期 Not NULL<br>└──────────────────────────────────────────────────────────────────┘</b></P>]]>
            </line>
            <line>
              <![CDATA[[info] 【检查点检查成功】  [实际]：titleInput Not NULL　[预期]：预期 Not NULL]]>
            </line>
            <line>
              <![CDATA[[info] 【titleInput】识别成功]]>
            </line>
            <line>
              <![CDATA[[info] 【otherContentInput】识别成功]]>
            </line>
            <line>
              <![CDATA[[info] 【locationButton】识别成功]]>
            </line>
            <line>
              <![CDATA[[info] 【locationEnsuredButton】识别成功]]>
            </line>
            <line>
              <![CDATA[[info] 【priceGlider】识别成功]]>
            </line>
            <line>
              <![CDATA[[info] 【addImagesButton】识别成功]]>
            </line>
            <line>
              <![CDATA[[info] 【albumButton】识别成功]]>
            </line>
            <line>
              <![CDATA[[info] 【imagesAlbum】识别成功]]>
            </line>
            <line>
              <![CDATA[[info] 【images】识别成功]]>
            </line>
            <line>
              <![CDATA[[info] 【imagesEnsuredButton】识别成功]]>
            </line>
            <line>
              <![CDATA[[info] 【publishButton】识别成功]]>
            </line>
            <line>
              <![CDATA[[info] 【publishRoom】测试用例执行成功]]>
            </line>
          </reporter-output>
        </test-method> <!-- publishRoom -->
        <test-method status="PASS" signature="deletePost()[pri:0, instance:gby.testng.testcase.PublishPostCase@15d0c81b]" name="deletePost" is-config="true" duration-ms="21693" started-at="2018-09-14T08:44:06Z" finished-at="2018-09-14T08:44:28Z">
          <reporter-output>
            <line>
              <![CDATA[[info] 【mineButton】识别成功]]>
            </line>
            <line>
              <![CDATA[[info] 【loginButton】识别成功]]>
            </line>
            <line>
              <![CDATA[<P style="font-size:1.1em;color:#1C9340"><b>┌───────────────────────┤ＣＨＥＣＫ　ＰＯＩＮＴ├───────────────────────┐<br>[目标]：检查是否进入我的页面<br>[实际]：loginButton Not NULL　[预期]：预期 Not NULL<br>└──────────────────────────────────────────────────────────────────┘</b></P>]]>
            </line>
            <line>
              <![CDATA[[info] 【检查点检查成功】  [实际]：loginButton Not NULL　[预期]：预期 Not NULL]]>
            </line>
            <line>
              <![CDATA[[debug] 【myPostButton】暂未找到，轮询中...]]>
            </line>
            <line>
              <![CDATA[[debug] 【myPostButton】暂未找到，轮询中...]]>
            </line>
            <line>
              <![CDATA[[debug] 【myPostButton】暂未找到，轮询中...]]>
            </line>
            <line>
              <![CDATA[[debug] 【myPostButton】暂未找到，轮询中...]]>
            </line>
            <line>
              <![CDATA[[debug] 【myPostButton】暂未找到，轮询中...]]>
            </line>
            <line>
              <![CDATA[[debug] 【myPostButton】暂未找到，轮询中...]]>
            </line>
            <line>
              <![CDATA[[debug] 【myPostButton】暂未找到，轮询中...]]>
            </line>
            <line>
              <![CDATA[[debug] 【myPostButton】暂未找到，轮询中...]]>
            </line>
            <line>
              <![CDATA[[debug] 【myPostButton】暂未找到，轮询中...]]>
            </line>
            <line>
              <![CDATA[[debug] 【myPostButton】暂未找到，轮询中...]]>
            </line>
            <line>
              <![CDATA[[debug] 【myPostButton】暂未找到，轮询中...]]>
            </line>
            <line>
              <![CDATA[[debug] 【myPostButton】暂未找到，轮询中...]]>
            </line>
            <line>
              <![CDATA[[debug] 【myPostButton】暂未找到，轮询中...]]>
            </line>
            <line>
              <![CDATA[[debug] 【myPostButton】暂未找到，轮询中...]]>
            </line>
            <line>
              <![CDATA[[debug] 【myPostButton】暂未找到，轮询中...]]>
            </line>
            <line>
              <![CDATA[[debug] 【myPostButton】暂未找到，轮询中...]]>
            </line>
            <line>
              <![CDATA[[debug] 【myPostButton】暂未找到，轮询中...]]>
            </line>
            <line>
              <![CDATA[[debug] 【myPostButton】暂未找到，轮询中...]]>
            </line>
            <line>
              <![CDATA[[debug] 【myPostButton】暂未找到，轮询中...]]>
            </line>
            <line>
              <![CDATA[[debug] 【myPostButton】暂未找到，轮询中...]]>
            </line>
            <line>
              <![CDATA[[debug] 【myPostButton】暂未找到，轮询中...]]>
            </line>
            <line>
              <![CDATA[[debug] 【myPostButton】暂未找到，轮询中...]]>
            </line>
            <line>
              <![CDATA[[debug] 【myPostButton】暂未找到，轮询中...]]>
            </line>
            <line>
              <![CDATA[[debug] 【myPostButton】暂未找到，轮询中...]]>
            </line>
            <line>
              <![CDATA[[error] 【myPostButton】识别失败：识别超时Expected condition failed: waiting for gby.appium.page.BasePage$1@294da7c5 (tried for 15 second(s) with 500 milliseconds interval)
Build info: version: '3.12.0', revision: '7c6e0b3', time: '2018-05-08T14:04:26.12Z'
System info: host: '桂宝元', ip: '192.168.10.77', os.name: 'Windows 7', os.arch: 'amd64', os.version: '6.1', java.version: '1.8.0_171'
Driver info: io.appium.java_client.android.AndroidDriver
Capabilities {app: C:\Users\Administrator\git\..., appActivity: com.loulifang.house.activit..., appPackage: com.loulifang.house, automationName: uiautomator2, databaseEnabled: false, desired: {app: C:\Users\Administrator\git\..., appActivity: com.loulifang.house.activit..., appPackage: com.loulifang.house, automationName: uiautomator2, deviceName: vivoX9, platformName: android, platformVersion: 7.1.2, resetKeyboard: true, udid: 192.168.20.159:5555, unicodeKeyboard: true}, deviceApiLevel: 25, deviceManufacturer: vivo, deviceModel: vivo X9, deviceName: 192.168.20.159:5555, deviceScreenDensity: 480, deviceScreenSize: 1080x1920, deviceUDID: 192.168.20.159:5555, javascriptEnabled: true, locationContextEnabled: false, networkConnectionEnabled: true, pixelRatio: 3, platform: LINUX, platformName: Android, platformVersion: 7.1.2, resetKeyboard: true, statBarHeight: 72, takesScreenshot: true, udid: 192.168.20.159:5555, unicodeKeyboard: true, viewportRect: {height: 1848, left: 0, top: 72, width: 1080}, warnings: {}, webStorageEnabled: false}
Session ID: 2a758a74-a7c3-44a2-89b4-bb2dc1e36534]]>
            </line>
            <line>
              <![CDATA[[debug] 往上滑动：540_1440 to 540_480]]>
            </line>
            <line>
              <![CDATA[[info] 【myPostButton】识别成功]]>
            </line>
            <line>
              <![CDATA[[info] 【myPostButton】识别成功]]>
            </line>
            <line>
              <![CDATA[[info] 【myPostButton】识别成功]]>
            </line>
            <line>
              <![CDATA[[debug] 【deleteButtons】暂未找到，轮询中...]]>
            </line>
            <line>
              <![CDATA[[info] 【deleteButtons】识别成功]]>
            </line>
            <line>
              <![CDATA[[info] 【deleteEnsureButton】识别成功]]>
            </line>
          </reporter-output>
        </test-method> <!-- deletePost -->
      </class> <!-- gby.testng.testcase.PublishPostCase -->
    </test> <!-- vivoX9 -->
  </suite> <!-- Suite -->
</testng-results>
