<?xml version="1.0" encoding="UTF-8"?>
<testng-results skipped="0" failed="0" ignored="0" total="5" passed="5">
  <reporter-output>
    <line>
      <![CDATA[[info] 测试初始化]]>
    </line>
    <line>
      <![CDATA[[info] 【f】测试用例开始执行]]>
    </line>
    <line>
      <![CDATA[[debug] deviceName: vivoX9]]>
    </line>
    <line>
      <![CDATA[[debug] 执行命令：[cmd, /c, adb connect 192.168.20.159:5555]]]>
    </line>
    <line>
      <![CDATA[[debug] 命令结果：already connected to 192.168.20.159:5555]]>
    </line>
    <line>
      <![CDATA[[info] AndroidDriver初始化完成，打开app成功]]>
    </line>
    <line>
      <![CDATA[[info] 【f】测试用例执行成功]]>
    </line>
    <line>
      <![CDATA[[info] 【login】测试用例开始执行]]>
    </line>
    <line>
      <![CDATA[[info] 【mineButton】暂未找到，轮询中...]]>
    </line>
    <line>
      <![CDATA[[info] 【mineButton】暂未找到，轮询中...]]>
    </line>
    <line>
      <![CDATA[[info] 【mineButton】暂未找到，轮询中...]]>
    </line>
    <line>
      <![CDATA[[info] 【mineButton】暂未找到，轮询中...]]>
    </line>
    <line>
      <![CDATA[[info] 【mineButton】识别成功]]>
    </line>
    <line>
      <![CDATA[[info] 【loginButton】识别成功]]>
    </line>
    <line>
      <![CDATA[[info] 【userName】识别成功]]>
    </line>
    <line>
      <![CDATA[[info] 【password】识别成功]]>
    </line>
    <line>
      <![CDATA[[info] 【loginButton】识别成功]]>
    </line>
    <line>
      <![CDATA[[info] 【phoneNumber】暂未找到，轮询中...]]>
    </line>
    <line>
      <![CDATA[[info] 【phoneNumber】识别成功]]>
    </line>
    <line>
      <![CDATA[<P style="font-size:1.1em;color:#1C9340"><b>┌───────────────────────┤ＣＨＥＣＫ　ＰＯＩＮＴ├───────────────────────┐<br>[目标]：检查登录是否成功<br>[实际]：phoneNumber Not NULL　[预期]：预期 Not NULL<br>└──────────────────────────────────────────────────────────────────┘</b></P>]]>
    </line>
    <line>
      <![CDATA[[info] 【检查点检查成功】  [实际]：phoneNumber Not NULL　[预期]：预期 Not NULL]]>
    </line>
    <line>
      <![CDATA[[info] 【phoneNumber】识别成功]]>
    </line>
    <line>
      <![CDATA[[info] 【phoneNumber】识别成功]]>
    </line>
    <line>
      <![CDATA[<P style="font-size:1.1em;color:#1C9340"><b>┌───────────────────────┤ＣＨＥＣＫ　ＰＯＩＮＴ├───────────────────────┐<br>[目标]：检查登录是否成功<br>[实际]：phoneNumber的值为：15575993304　[预期]：预期的值为：15575993304<br>└──────────────────────────────────────────────────────────────────┘</b></P>]]>
    </line>
    <line>
      <![CDATA[[info] 【检查点检查成功】  [实际]：phoneNumber的值为：15575993304　[预期]：预期的值为：15575993304]]>
    </line>
    <line>
      <![CDATA[[info] 【login】测试用例执行成功]]>
    </line>
    <line>
      <![CDATA[[info] 【searchHouse】测试用例开始执行]]>
    </line>
    <line>
      <![CDATA[[info] 【homePageButton】识别成功]]>
    </line>
    <line>
      <![CDATA[[info] 【areaSelector】识别成功]]>
    </line>
    <line>
      <![CDATA[[info] 【moneySelector】暂未找到，轮询中...]]>
    </line>
    <line>
      <![CDATA[[info] 【moneySelector】识别成功]]>
    </line>
    <line>
      <![CDATA[[info] 【sortSelector】暂未找到，轮询中...]]>
    </line>
    <line>
      <![CDATA[[info] 【sortSelector】识别成功]]>
    </line>
    <line>
      <![CDATA[[info] 【moreSelector】暂未找到，轮询中...]]>
    </line>
    <line>
      <![CDATA[[info] 【moreSelector】识别成功]]>
    </line>
    <line>
      <![CDATA[[info] 【moreEnsureButotn】识别成功]]>
    </line>
    <line>
      <![CDATA[[info] 【prices】未找到，识别失败,元素list长度为0]]>
    </line>
    <line>
      <![CDATA[[info] 【roomTypes】未找到，识别失败,元素list长度为0]]>
    </line>
    <line>
      <![CDATA[[info] 测试类：'gby.appium.listern.TestngRetry' 中的测试方法：'searchHouse' 执行失败，重试第 1 次]]>
    </line>
    <line>
      <![CDATA[[error] 【searchHouse】测试用例被跳过]]>
    </line>
    <line>
      <![CDATA[[info] 【homePageButton】识别成功]]>
    </line>
    <line>
      <![CDATA[[info] 正在返回首页...]]>
    </line>
    <line>
      <![CDATA[[info] 已返回首页]]>
    </line>
    <line>
      <![CDATA[[info] 【searchHouse】测试用例开始执行]]>
    </line>
    <line>
      <![CDATA[[info] 【homePageButton】识别成功]]>
    </line>
    <line>
      <![CDATA[[info] 【areaSelector】识别成功]]>
    </line>
    <line>
      <![CDATA[[info] 【moneySelector】识别成功]]>
    </line>
    <line>
      <![CDATA[[info] 【sortSelector】暂未找到，轮询中...]]>
    </line>
    <line>
      <![CDATA[[info] 【sortSelector】识别成功]]>
    </line>
    <line>
      <![CDATA[[info] 【moreSelector】暂未找到，轮询中...]]>
    </line>
    <line>
      <![CDATA[[info] 【moreSelector】识别成功]]>
    </line>
    <line>
      <![CDATA[[info] 【moreEnsureButotn】识别成功]]>
    </line>
    <line>
      <![CDATA[[info] 【prices】识别成功]]>
    </line>
    <line>
      <![CDATA[[info] 【roomTypes】识别成功]]>
    </line>
    <line>
      <![CDATA[[debug] 往上滑动：540_1440 to 540_480]]>
    </line>
    <line>
      <![CDATA[[info] 【prices】识别成功]]>
    </line>
    <line>
      <![CDATA[[info] 【roomTypes】识别成功]]>
    </line>
    <line>
      <![CDATA[[debug] 往上滑动：540_1440 to 540_480]]>
    </line>
    <line>
      <![CDATA[[info] 【prices】识别成功]]>
    </line>
    <line>
      <![CDATA[[info] 【roomTypes】识别成功]]>
    </line>
    <line>
      <![CDATA[[debug] 往上滑动：540_1440 to 540_480]]>
    </line>
    <line>
      <![CDATA[[info] 【prices】识别成功]]>
    </line>
    <line>
      <![CDATA[[info] 【roomTypes】识别成功]]>
    </line>
    <line>
      <![CDATA[[debug] 往上滑动：540_1440 to 540_480]]>
    </line>
    <line>
      <![CDATA[<P style="font-size:1.1em;color:#1C9340"><b>┌───────────────────────┤ＣＨＥＣＫ　ＰＯＩＮＴ├───────────────────────┐<br>[目标]：检查价格上限是否正确<br>[实际]：传入的对象 ：true　[预期]：实际：true<br>└──────────────────────────────────────────────────────────────────┘</b></P>]]>
    </line>
    <line>
      <![CDATA[[info] 【检查点检查成功】  [实际]：传入的对象 ：true　[预期]：实际：true]]>
    </line>
    <line>
      <![CDATA[<P style="font-size:1.1em;color:#1C9340"><b>┌───────────────────────┤ＣＨＥＣＫ　ＰＯＩＮＴ├───────────────────────┐<br>[目标]：检查价格下限是否正确<br>[实际]：传入的对象 ：true　[预期]：实际：true<br>└──────────────────────────────────────────────────────────────────┘</b></P>]]>
    </line>
    <line>
      <![CDATA[[info] 【检查点检查成功】  [实际]：传入的对象 ：true　[预期]：实际：true]]>
    </line>
    <line>
      <![CDATA[<P style="font-size:1.1em;color:#1C9340"><b>┌───────────────────────┤ＣＨＥＣＫ　ＰＯＩＮＴ├───────────────────────┐<br>[目标]：检查价格排序是否正确<br>[实际]：传入的对象 ：[1500, 1500, 1500, 1500, 1500, 1500, 1500, 1500, 1500, 1500, 1500, 1500, 1500, 1500]　[预期]：实际：[1500, 1500, 1500, 1500, 1500, 1500, 1500, 1500, 1500, 1500, 1500, 1500, 1500, 1500]<br>└──────────────────────────────────────────────────────────────────┘</b></P>]]>
    </line>
    <line>
      <![CDATA[[info] 【检查点检查成功】  [实际]：传入的对象 ：[1500, 1500, 1500, 1500, 1500, 1500, 1500, 1500, 1500, 1500, 1500, 1500, 1500, 1500]　[预期]：实际：[1500, 1500, 1500, 1500, 1500, 1500, 1500, 1500, 1500, 1500, 1500, 1500, 1500, 1500]]]>
    </line>
    <line>
      <![CDATA[[info] 【searchHouse】测试用例执行成功]]>
    </line>
    <line>
      <![CDATA[[info] 【intoPublisPostPage】测试用例开始执行]]>
    </line>
    <line>
      <![CDATA[[info] 【findRoommateButton】识别成功]]>
    </line>
    <line>
      <![CDATA[[info] 【publishIcon】识别成功]]>
    </line>
    <line>
      <![CDATA[[info] 【hasntRoomButton】暂未找到，轮询中...]]>
    </line>
    <line>
      <![CDATA[[info] 【hasntRoomButton】识别成功]]>
    </line>
    <line>
      <![CDATA[[debug] 执行命令：[cmd, /c, adb -s 192.168.20.159:5555 shell dumpsys window | findstr mCurrentFocus]]]>
    </line>
    <line>
      <![CDATA[[debug] 命令结果：  mCurrentFocus=Window{f8b6dc5 u0 com.loulifang.house/com.loulifang.house.activities.CreateNoRomTopicActivity}]]>
    </line>
    <line>
      <![CDATA[[info] 【titleInput】识别成功]]>
    </line>
    <line>
      <![CDATA[<P style="font-size:1.1em;color:#1C9340"><b>┌───────────────────────┤ＣＨＥＣＫ　ＰＯＩＮＴ├───────────────────────┐<br>[目标]：检查是否进入发帖页<br>[实际]：titleInput Not NULL　[预期]：预期 Not NULL<br>└──────────────────────────────────────────────────────────────────┘</b></P>]]>
    </line>
    <line>
      <![CDATA[[info] 【检查点检查成功】  [实际]：titleInput Not NULL　[预期]：预期 Not NULL]]>
    </line>
    <line>
      <![CDATA[[info] 【intoPublisPostPage】测试用例执行成功]]>
    </line>
    <line>
      <![CDATA[[info] 【publishRoom】测试用例开始执行]]>
    </line>
    <line>
      <![CDATA[[info] 【titleInput】识别成功]]>
    </line>
    <line>
      <![CDATA[[info] 【otherContentInput】识别成功]]>
    </line>
    <line>
      <![CDATA[[info] 【locationButton】识别成功]]>
    </line>
    <line>
      <![CDATA[[info] 【businessCircle】暂未找到，轮询中...]]>
    </line>
    <line>
      <![CDATA[[info] 【businessCircle】识别成功]]>
    </line>
    <line>
      <![CDATA[[info] 【jingan】识别成功]]>
    </line>
    <line>
      <![CDATA[[info] 【jingansi】识别成功]]>
    </line>
    <line>
      <![CDATA[[info] 【subway】识别成功]]>
    </line>
    <line>
      <![CDATA[[info] 【line7】识别成功]]>
    </line>
    <line>
      <![CDATA[[info] 【yuntaiLoad】识别成功]]>
    </line>
    <line>
      <![CDATA[[info] 【locationEnsuredButton】识别成功]]>
    </line>
    <line>
      <![CDATA[[info] 【priceGlider】暂未找到，轮询中...]]>
    </line>
    <line>
      <![CDATA[[info] 【priceGlider】识别成功]]>
    </line>
    <line>
      <![CDATA[[info] 【addImagesButton】识别成功]]>
    </line>
    <line>
      <![CDATA[[info] 【albumButton】识别成功]]>
    </line>
    <line>
      <![CDATA[[info] 【imagesAlbum】暂未找到，轮询中...]]>
    </line>
    <line>
      <![CDATA[[info] 【imagesAlbum】暂未找到，轮询中...]]>
    </line>
    <line>
      <![CDATA[[info] 【imagesAlbum】暂未找到，轮询中...]]>
    </line>
    <line>
      <![CDATA[[info] 【imagesAlbum】识别成功]]>
    </line>
    <line>
      <![CDATA[[info] 【images】识别成功]]>
    </line>
    <line>
      <![CDATA[[info] 【imagesEnsuredButton】识别成功]]>
    </line>
    <line>
      <![CDATA[[info] 【publishButton】识别成功]]>
    </line>
    <line>
      <![CDATA[[info] 【publishRoom】测试用例执行成功]]>
    </line>
    <line>
      <![CDATA[[info] 【mineButton】识别成功]]>
    </line>
    <line>
      <![CDATA[[info] 【loginButton】识别成功]]>
    </line>
    <line>
      <![CDATA[<P style="font-size:1.1em;color:#1C9340"><b>┌───────────────────────┤ＣＨＥＣＫ　ＰＯＩＮＴ├───────────────────────┐<br>[目标]：检查是否进入我的页面<br>[实际]：loginButton Not NULL　[预期]：预期 Not NULL<br>└──────────────────────────────────────────────────────────────────┘</b></P>]]>
    </line>
    <line>
      <![CDATA[[info] 【检查点检查成功】  [实际]：loginButton Not NULL　[预期]：预期 Not NULL]]>
    </line>
    <line>
      <![CDATA[[info] 【myPostButton】暂未找到，轮询中...]]>
    </line>
    <line>
      <![CDATA[[info] 【myPostButton】暂未找到，轮询中...]]>
    </line>
    <line>
      <![CDATA[[info] 【myPostButton】暂未找到，轮询中...]]>
    </line>
    <line>
      <![CDATA[[info] 【myPostButton】暂未找到，轮询中...]]>
    </line>
    <line>
      <![CDATA[[info] 【myPostButton】暂未找到，轮询中...]]>
    </line>
    <line>
      <![CDATA[[info] 【myPostButton】暂未找到，轮询中...]]>
    </line>
    <line>
      <![CDATA[[info] 【myPostButton】暂未找到，轮询中...]]>
    </line>
    <line>
      <![CDATA[[info] 【myPostButton】暂未找到，轮询中...]]>
    </line>
    <line>
      <![CDATA[[info] 【myPostButton】暂未找到，轮询中...]]>
    </line>
    <line>
      <![CDATA[[info] 【myPostButton】暂未找到，轮询中...]]>
    </line>
    <line>
      <![CDATA[[info] 【myPostButton】暂未找到，轮询中...]]>
    </line>
    <line>
      <![CDATA[[info] 【myPostButton】暂未找到，轮询中...]]>
    </line>
    <line>
      <![CDATA[[info] 【myPostButton】暂未找到，轮询中...]]>
    </line>
    <line>
      <![CDATA[[info] 【myPostButton】暂未找到，轮询中...]]>
    </line>
    <line>
      <![CDATA[[info] 【myPostButton】暂未找到，轮询中...]]>
    </line>
    <line>
      <![CDATA[[info] 【myPostButton】暂未找到，轮询中...]]>
    </line>
    <line>
      <![CDATA[[info] 【myPostButton】暂未找到，轮询中...]]>
    </line>
    <line>
      <![CDATA[[info] 【myPostButton】暂未找到，轮询中...]]>
    </line>
    <line>
      <![CDATA[[info] 【myPostButton】暂未找到，轮询中...]]>
    </line>
    <line>
      <![CDATA[[info] 【myPostButton】暂未找到，轮询中...]]>
    </line>
    <line>
      <![CDATA[[info] 【myPostButton】暂未找到，轮询中...]]>
    </line>
    <line>
      <![CDATA[[info] 【myPostButton】暂未找到，轮询中...]]>
    </line>
    <line>
      <![CDATA[[info] 【myPostButton】暂未找到，轮询中...]]>
    </line>
    <line>
      <![CDATA[[info] 【myPostButton】暂未找到，轮询中...]]>
    </line>
    <line>
      <![CDATA[[info] 【myPostButton】暂未找到，轮询中...]]>
    </line>
    <line>
      <![CDATA[[error] 【myPostButton】识别失败：识别超时Expected condition failed: waiting for gby.appium.page.BasePage$1@1680fe9c (tried for 15 second(s) with 500 milliseconds interval)
Build info: version: '3.12.0', revision: '7c6e0b3', time: '2018-05-08T14:04:26.12Z'
System info: host: '桂宝元', ip: '192.168.10.77', os.name: 'Windows 7', os.arch: 'amd64', os.version: '6.1', java.version: '1.8.0_171'
Driver info: io.appium.java_client.android.AndroidDriver
Capabilities {app: C:\Users\Administrator\git\..., appActivity: com.loulifang.house.activit..., appPackage: com.loulifang.house, automationName: uiautomator2, databaseEnabled: false, desired: {app: C:\Users\Administrator\git\..., appActivity: com.loulifang.house.activit..., appPackage: com.loulifang.house, automationName: uiautomator2, deviceName: vivoX9, platformName: android, platformVersion: 7.1.2, resetKeyboard: true, udid: 192.168.20.159:5555, unicodeKeyboard: true}, deviceApiLevel: 25, deviceManufacturer: vivo, deviceModel: vivo X9, deviceName: 192.168.20.159:5555, deviceScreenDensity: 480, deviceScreenSize: 1080x1920, deviceUDID: 192.168.20.159:5555, javascriptEnabled: true, locationContextEnabled: false, networkConnectionEnabled: true, pixelRatio: 3, platform: LINUX, platformName: Android, platformVersion: 7.1.2, resetKeyboard: true, statBarHeight: 72, takesScreenshot: true, udid: 192.168.20.159:5555, unicodeKeyboard: true, viewportRect: {height: 1848, left: 0, top: 72, width: 1080}, warnings: {}, webStorageEnabled: false}
Session ID: 3bb88c0f-80dd-4edc-8679-7640a18ad565]]>
    </line>
    <line>
      <![CDATA[[debug] 往上滑动：540_1440 to 540_480]]>
    </line>
    <line>
      <![CDATA[[info] 【myPostButton】识别成功]]>
    </line>
    <line>
      <![CDATA[[info] 【myPostButton】识别成功]]>
    </line>
    <line>
      <![CDATA[[info] 【myPostButton】识别成功]]>
    </line>
    <line>
      <![CDATA[[info] 【deleteButtons】暂未找到，轮询中...]]>
    </line>
    <line>
      <![CDATA[[info] 【deleteButtons】识别成功]]>
    </line>
    <line>
      <![CDATA[[info] 【deleteEnsureButton】暂未找到，轮询中...]]>
    </line>
    <line>
      <![CDATA[[info] 【deleteEnsureButton】识别成功]]>
    </line>
    <line>
      <![CDATA[[info] 【homePageButton】未找到，识别失败,元素list长度为0]]>
    </line>
    <line>
      <![CDATA[[info] 正在返回首页...]]>
    </line>
    <line>
      <![CDATA[[info] 【homePageButton】识别成功]]>
    </line>
    <line>
      <![CDATA[[info] 正在返回首页...]]>
    </line>
    <line>
      <![CDATA[[info] 已返回首页]]>
    </line>
    <line>
      <![CDATA[[info] 【mineButton】识别成功]]>
    </line>
    <line>
      <![CDATA[[info] 【settingButton】识别成功]]>
    </line>
    <line>
      <![CDATA[[info] 【logoutOption】暂未找到，轮询中...]]>
    </line>
    <line>
      <![CDATA[[info] 【logoutOption】识别成功]]>
    </line>
    <line>
      <![CDATA[[info] 【logoutEnsureButton】暂未找到，轮询中...]]>
    </line>
    <line>
      <![CDATA[[info] 【logoutEnsureButton】识别成功]]>
    </line>
    <line>
      <![CDATA[[info] 【nickname】识别成功]]>
    </line>
    <line>
      <![CDATA[<P style="font-size:1.1em;color:#1C9340"><b>┌───────────────────────┤ＣＨＥＣＫ　ＰＯＩＮＴ├───────────────────────┐<br>[目标]：检查注销是否成功<br>[实际]：nickname Not NULL　[预期]：预期 Not NULL<br>└──────────────────────────────────────────────────────────────────┘</b></P>]]>
    </line>
    <line>
      <![CDATA[[info] 【检查点检查成功】  [实际]：nickname Not NULL　[预期]：预期 Not NULL]]>
    </line>
    <line>
      <![CDATA[[info] 【nickname】识别成功]]>
    </line>
    <line>
      <![CDATA[[info] 【nickname】识别成功]]>
    </line>
    <line>
      <![CDATA[<P style="font-size:1.1em;color:#1C9340"><b>┌───────────────────────┤ＣＨＥＣＫ　ＰＯＩＮＴ├───────────────────────┐<br>[目标]：检查注销是否成功<br>[实际]：nickname的值为：立即登录　[预期]：预期的值为：立即登录<br>└──────────────────────────────────────────────────────────────────┘</b></P>]]>
    </line>
    <line>
      <![CDATA[[info] 【检查点检查成功】  [实际]：nickname的值为：立即登录　[预期]：预期的值为：立即登录]]>
    </line>
  </reporter-output>
  <suite name="Suite" duration-ms="156695" started-at="2018-09-14T05:25:27Z" finished-at="2018-09-14T05:28:03Z">
    <groups>
    </groups>
    <test name="vivoX9" duration-ms="156695" started-at="2018-09-14T05:25:27Z" finished-at="2018-09-14T05:28:03Z">
      <class name="gby.testng.testcase.LoginCase">
        <test-method status="PASS" signature="beforeClass()[pri:0, instance:gby.testng.testcase.LoginCase@53f65459]" name="beforeClass" is-config="true" duration-ms="2" started-at="2018-09-14T05:26:00Z" finished-at="2018-09-14T05:26:00Z">
          <reporter-output>
          </reporter-output>
        </test-method> <!-- beforeClass -->
        <test-method status="PASS" signature="login()[pri:0, instance:gby.testng.testcase.LoginCase@53f65459]" name="login" duration-ms="11106" started-at="2018-09-14T05:26:00Z" finished-at="2018-09-14T05:26:11Z">
          <reporter-output>
            <line>
              <![CDATA[[info] 【login】测试用例开始执行]]>
            </line>
            <line>
              <![CDATA[[info] 【mineButton】暂未找到，轮询中...]]>
            </line>
            <line>
              <![CDATA[[info] 【mineButton】暂未找到，轮询中...]]>
            </line>
            <line>
              <![CDATA[[info] 【mineButton】暂未找到，轮询中...]]>
            </line>
            <line>
              <![CDATA[[info] 【mineButton】暂未找到，轮询中...]]>
            </line>
            <line>
              <![CDATA[[info] 【mineButton】识别成功]]>
            </line>
            <line>
              <![CDATA[[info] 【loginButton】识别成功]]>
            </line>
            <line>
              <![CDATA[[info] 【userName】识别成功]]>
            </line>
            <line>
              <![CDATA[[info] 【password】识别成功]]>
            </line>
            <line>
              <![CDATA[[info] 【loginButton】识别成功]]>
            </line>
            <line>
              <![CDATA[[info] 【phoneNumber】暂未找到，轮询中...]]>
            </line>
            <line>
              <![CDATA[[info] 【phoneNumber】识别成功]]>
            </line>
            <line>
              <![CDATA[<P style="font-size:1.1em;color:#1C9340"><b>┌───────────────────────┤ＣＨＥＣＫ　ＰＯＩＮＴ├───────────────────────┐<br>[目标]：检查登录是否成功<br>[实际]：phoneNumber Not NULL　[预期]：预期 Not NULL<br>└──────────────────────────────────────────────────────────────────┘</b></P>]]>
            </line>
            <line>
              <![CDATA[[info] 【检查点检查成功】  [实际]：phoneNumber Not NULL　[预期]：预期 Not NULL]]>
            </line>
            <line>
              <![CDATA[[info] 【phoneNumber】识别成功]]>
            </line>
            <line>
              <![CDATA[[info] 【phoneNumber】识别成功]]>
            </line>
            <line>
              <![CDATA[<P style="font-size:1.1em;color:#1C9340"><b>┌───────────────────────┤ＣＨＥＣＫ　ＰＯＩＮＴ├───────────────────────┐<br>[目标]：检查登录是否成功<br>[实际]：phoneNumber的值为：15575993304　[预期]：预期的值为：15575993304<br>└──────────────────────────────────────────────────────────────────┘</b></P>]]>
            </line>
            <line>
              <![CDATA[[info] 【检查点检查成功】  [实际]：phoneNumber的值为：15575993304　[预期]：预期的值为：15575993304]]>
            </line>
            <line>
              <![CDATA[[info] 【login】测试用例执行成功]]>
            </line>
          </reporter-output>
        </test-method> <!-- login -->
        <test-method status="PASS" signature="logout()[pri:0, instance:gby.testng.testcase.LoginCase@53f65459]" name="logout" is-config="true" duration-ms="6185" started-at="2018-09-14T05:27:57Z" finished-at="2018-09-14T05:28:03Z">
          <reporter-output>
            <line>
              <![CDATA[[info] 【homePageButton】未找到，识别失败,元素list长度为0]]>
            </line>
            <line>
              <![CDATA[[info] 正在返回首页...]]>
            </line>
            <line>
              <![CDATA[[info] 【homePageButton】识别成功]]>
            </line>
            <line>
              <![CDATA[[info] 正在返回首页...]]>
            </line>
            <line>
              <![CDATA[[info] 已返回首页]]>
            </line>
            <line>
              <![CDATA[[info] 【mineButton】识别成功]]>
            </line>
            <line>
              <![CDATA[[info] 【settingButton】识别成功]]>
            </line>
            <line>
              <![CDATA[[info] 【logoutOption】暂未找到，轮询中...]]>
            </line>
            <line>
              <![CDATA[[info] 【logoutOption】识别成功]]>
            </line>
            <line>
              <![CDATA[[info] 【logoutEnsureButton】暂未找到，轮询中...]]>
            </line>
            <line>
              <![CDATA[[info] 【logoutEnsureButton】识别成功]]>
            </line>
            <line>
              <![CDATA[[info] 【nickname】识别成功]]>
            </line>
            <line>
              <![CDATA[<P style="font-size:1.1em;color:#1C9340"><b>┌───────────────────────┤ＣＨＥＣＫ　ＰＯＩＮＴ├───────────────────────┐<br>[目标]：检查注销是否成功<br>[实际]：nickname Not NULL　[预期]：预期 Not NULL<br>└──────────────────────────────────────────────────────────────────┘</b></P>]]>
            </line>
            <line>
              <![CDATA[[info] 【检查点检查成功】  [实际]：nickname Not NULL　[预期]：预期 Not NULL]]>
            </line>
            <line>
              <![CDATA[[info] 【nickname】识别成功]]>
            </line>
            <line>
              <![CDATA[[info] 【nickname】识别成功]]>
            </line>
            <line>
              <![CDATA[<P style="font-size:1.1em;color:#1C9340"><b>┌───────────────────────┤ＣＨＥＣＫ　ＰＯＩＮＴ├───────────────────────┐<br>[目标]：检查注销是否成功<br>[实际]：nickname的值为：立即登录　[预期]：预期的值为：立即登录<br>└──────────────────────────────────────────────────────────────────┘</b></P>]]>
            </line>
            <line>
              <![CDATA[[info] 【检查点检查成功】  [实际]：nickname的值为：立即登录　[预期]：预期的值为：立即登录]]>
            </line>
          </reporter-output>
        </test-method> <!-- logout -->
      </class> <!-- gby.testng.testcase.LoginCase -->
      <class name="gby.testng.testcase.InitDriverCase">
        <test-method status="PASS" signature="f(java.lang.String)[pri:0, instance:gby.testng.testcase.InitDriverCase@4d95d2a2]" name="f" duration-ms="32629" started-at="2018-09-14T05:25:27Z" finished-at="2018-09-14T05:26:00Z">
          <params>
            <param index="0">
              <value>
                <![CDATA[vivoX9]]>
              </value>
            </param>
          </params>
          <reporter-output>
            <line>
              <![CDATA[[info] 【f】测试用例开始执行]]>
            </line>
            <line>
              <![CDATA[[debug] deviceName: vivoX9]]>
            </line>
            <line>
              <![CDATA[[debug] 执行命令：[cmd, /c, adb connect 192.168.20.159:5555]]]>
            </line>
            <line>
              <![CDATA[[debug] 命令结果：already connected to 192.168.20.159:5555]]>
            </line>
            <line>
              <![CDATA[[info] AndroidDriver初始化完成，打开app成功]]>
            </line>
            <line>
              <![CDATA[[info] 【f】测试用例执行成功]]>
            </line>
          </reporter-output>
        </test-method> <!-- f -->
      </class> <!-- gby.testng.testcase.InitDriverCase -->
      <class name="gby.testng.testcase.HouseSearchCase">
        <test-method status="PASS" signature="beforeClass()[pri:0, instance:gby.testng.testcase.HouseSearchCase@3b088d51]" name="beforeClass" is-config="true" duration-ms="2" started-at="2018-09-14T05:26:11Z" finished-at="2018-09-14T05:26:11Z">
          <reporter-output>
          </reporter-output>
        </test-method> <!-- beforeClass -->
        <test-method status="PASS" signature="searchHouse()[pri:0, instance:gby.testng.testcase.HouseSearchCase@3b088d51]" name="searchHouse" duration-ms="27568" started-at="2018-09-14T05:26:31Z" finished-at="2018-09-14T05:26:59Z">
          <reporter-output>
            <line>
              <![CDATA[[info] 【searchHouse】测试用例开始执行]]>
            </line>
            <line>
              <![CDATA[[info] 【homePageButton】识别成功]]>
            </line>
            <line>
              <![CDATA[[info] 【areaSelector】识别成功]]>
            </line>
            <line>
              <![CDATA[[info] 【moneySelector】识别成功]]>
            </line>
            <line>
              <![CDATA[[info] 【sortSelector】暂未找到，轮询中...]]>
            </line>
            <line>
              <![CDATA[[info] 【sortSelector】识别成功]]>
            </line>
            <line>
              <![CDATA[[info] 【moreSelector】暂未找到，轮询中...]]>
            </line>
            <line>
              <![CDATA[[info] 【moreSelector】识别成功]]>
            </line>
            <line>
              <![CDATA[[info] 【moreEnsureButotn】识别成功]]>
            </line>
            <line>
              <![CDATA[[info] 【prices】识别成功]]>
            </line>
            <line>
              <![CDATA[[info] 【roomTypes】识别成功]]>
            </line>
            <line>
              <![CDATA[[debug] 往上滑动：540_1440 to 540_480]]>
            </line>
            <line>
              <![CDATA[[info] 【prices】识别成功]]>
            </line>
            <line>
              <![CDATA[[info] 【roomTypes】识别成功]]>
            </line>
            <line>
              <![CDATA[[debug] 往上滑动：540_1440 to 540_480]]>
            </line>
            <line>
              <![CDATA[[info] 【prices】识别成功]]>
            </line>
            <line>
              <![CDATA[[info] 【roomTypes】识别成功]]>
            </line>
            <line>
              <![CDATA[[debug] 往上滑动：540_1440 to 540_480]]>
            </line>
            <line>
              <![CDATA[[info] 【prices】识别成功]]>
            </line>
            <line>
              <![CDATA[[info] 【roomTypes】识别成功]]>
            </line>
            <line>
              <![CDATA[[debug] 往上滑动：540_1440 to 540_480]]>
            </line>
            <line>
              <![CDATA[<P style="font-size:1.1em;color:#1C9340"><b>┌───────────────────────┤ＣＨＥＣＫ　ＰＯＩＮＴ├───────────────────────┐<br>[目标]：检查价格上限是否正确<br>[实际]：传入的对象 ：true　[预期]：实际：true<br>└──────────────────────────────────────────────────────────────────┘</b></P>]]>
            </line>
            <line>
              <![CDATA[[info] 【检查点检查成功】  [实际]：传入的对象 ：true　[预期]：实际：true]]>
            </line>
            <line>
              <![CDATA[<P style="font-size:1.1em;color:#1C9340"><b>┌───────────────────────┤ＣＨＥＣＫ　ＰＯＩＮＴ├───────────────────────┐<br>[目标]：检查价格下限是否正确<br>[实际]：传入的对象 ：true　[预期]：实际：true<br>└──────────────────────────────────────────────────────────────────┘</b></P>]]>
            </line>
            <line>
              <![CDATA[[info] 【检查点检查成功】  [实际]：传入的对象 ：true　[预期]：实际：true]]>
            </line>
            <line>
              <![CDATA[<P style="font-size:1.1em;color:#1C9340"><b>┌───────────────────────┤ＣＨＥＣＫ　ＰＯＩＮＴ├───────────────────────┐<br>[目标]：检查价格排序是否正确<br>[实际]：传入的对象 ：[1500, 1500, 1500, 1500, 1500, 1500, 1500, 1500, 1500, 1500, 1500, 1500, 1500, 1500]　[预期]：实际：[1500, 1500, 1500, 1500, 1500, 1500, 1500, 1500, 1500, 1500, 1500, 1500, 1500, 1500]<br>└──────────────────────────────────────────────────────────────────┘</b></P>]]>
            </line>
            <line>
              <![CDATA[[info] 【检查点检查成功】  [实际]：传入的对象 ：[1500, 1500, 1500, 1500, 1500, 1500, 1500, 1500, 1500, 1500, 1500, 1500, 1500, 1500]　[预期]：实际：[1500, 1500, 1500, 1500, 1500, 1500, 1500, 1500, 1500, 1500, 1500, 1500, 1500, 1500]]]>
            </line>
            <line>
              <![CDATA[[info] 【searchHouse】测试用例执行成功]]>
            </line>
          </reporter-output>
        </test-method> <!-- searchHouse -->
      </class> <!-- gby.testng.testcase.HouseSearchCase -->
      <class name="gby.testng.testcase.PublishPostCase">
        <test-method status="PASS" signature="setup()[pri:0, instance:gby.testng.testcase.PublishPostCase@1786dec2]" name="setup" is-config="true" duration-ms="10" started-at="2018-09-14T05:26:59Z" finished-at="2018-09-14T05:26:59Z">
          <reporter-output>
          </reporter-output>
        </test-method> <!-- setup -->
        <test-method status="PASS" signature="intoPublisPostPage()[pri:0, instance:gby.testng.testcase.PublishPostCase@1786dec2]" name="intoPublisPostPage" duration-ms="4283" started-at="2018-09-14T05:26:59Z" finished-at="2018-09-14T05:27:03Z">
          <reporter-output>
            <line>
              <![CDATA[[info] 【intoPublisPostPage】测试用例开始执行]]>
            </line>
            <line>
              <![CDATA[[info] 【findRoommateButton】识别成功]]>
            </line>
            <line>
              <![CDATA[[info] 【publishIcon】识别成功]]>
            </line>
            <line>
              <![CDATA[[info] 【hasntRoomButton】暂未找到，轮询中...]]>
            </line>
            <line>
              <![CDATA[[info] 【hasntRoomButton】识别成功]]>
            </line>
            <line>
              <![CDATA[[debug] 执行命令：[cmd, /c, adb -s 192.168.20.159:5555 shell dumpsys window | findstr mCurrentFocus]]]>
            </line>
            <line>
              <![CDATA[[debug] 命令结果：  mCurrentFocus=Window{f8b6dc5 u0 com.loulifang.house/com.loulifang.house.activities.CreateNoRomTopicActivity}]]>
            </line>
            <line>
              <![CDATA[[info] 【titleInput】识别成功]]>
            </line>
            <line>
              <![CDATA[<P style="font-size:1.1em;color:#1C9340"><b>┌───────────────────────┤ＣＨＥＣＫ　ＰＯＩＮＴ├───────────────────────┐<br>[目标]：检查是否进入发帖页<br>[实际]：titleInput Not NULL　[预期]：预期 Not NULL<br>└──────────────────────────────────────────────────────────────────┘</b></P>]]>
            </line>
            <line>
              <![CDATA[[info] 【检查点检查成功】  [实际]：titleInput Not NULL　[预期]：预期 Not NULL]]>
            </line>
            <line>
              <![CDATA[[info] 【intoPublisPostPage】测试用例执行成功]]>
            </line>
          </reporter-output>
        </test-method> <!-- intoPublisPostPage -->
        <test-method status="PASS" signature="publishRoom()[pri:0, instance:gby.testng.testcase.PublishPostCase@1786dec2]" name="publishRoom" duration-ms="33294" started-at="2018-09-14T05:27:03Z" depends-on-methods="gby.testng.testcase.PublishPostCase.intoPublisPostPage" finished-at="2018-09-14T05:27:36Z">
          <reporter-output>
            <line>
              <![CDATA[[info] 【publishRoom】测试用例开始执行]]>
            </line>
            <line>
              <![CDATA[[info] 【titleInput】识别成功]]>
            </line>
            <line>
              <![CDATA[[info] 【otherContentInput】识别成功]]>
            </line>
            <line>
              <![CDATA[[info] 【locationButton】识别成功]]>
            </line>
            <line>
              <![CDATA[[info] 【businessCircle】暂未找到，轮询中...]]>
            </line>
            <line>
              <![CDATA[[info] 【businessCircle】识别成功]]>
            </line>
            <line>
              <![CDATA[[info] 【jingan】识别成功]]>
            </line>
            <line>
              <![CDATA[[info] 【jingansi】识别成功]]>
            </line>
            <line>
              <![CDATA[[info] 【subway】识别成功]]>
            </line>
            <line>
              <![CDATA[[info] 【line7】识别成功]]>
            </line>
            <line>
              <![CDATA[[info] 【yuntaiLoad】识别成功]]>
            </line>
            <line>
              <![CDATA[[info] 【locationEnsuredButton】识别成功]]>
            </line>
            <line>
              <![CDATA[[info] 【priceGlider】暂未找到，轮询中...]]>
            </line>
            <line>
              <![CDATA[[info] 【priceGlider】识别成功]]>
            </line>
            <line>
              <![CDATA[[info] 【addImagesButton】识别成功]]>
            </line>
            <line>
              <![CDATA[[info] 【albumButton】识别成功]]>
            </line>
            <line>
              <![CDATA[[info] 【imagesAlbum】暂未找到，轮询中...]]>
            </line>
            <line>
              <![CDATA[[info] 【imagesAlbum】暂未找到，轮询中...]]>
            </line>
            <line>
              <![CDATA[[info] 【imagesAlbum】暂未找到，轮询中...]]>
            </line>
            <line>
              <![CDATA[[info] 【imagesAlbum】识别成功]]>
            </line>
            <line>
              <![CDATA[[info] 【images】识别成功]]>
            </line>
            <line>
              <![CDATA[[info] 【imagesEnsuredButton】识别成功]]>
            </line>
            <line>
              <![CDATA[[info] 【publishButton】识别成功]]>
            </line>
            <line>
              <![CDATA[[info] 【publishRoom】测试用例执行成功]]>
            </line>
          </reporter-output>
        </test-method> <!-- publishRoom -->
        <test-method status="PASS" signature="deletePost()[pri:0, instance:gby.testng.testcase.PublishPostCase@1786dec2]" name="deletePost" is-config="true" duration-ms="20915" started-at="2018-09-14T05:27:36Z" finished-at="2018-09-14T05:27:57Z">
          <reporter-output>
            <line>
              <![CDATA[[info] 【mineButton】识别成功]]>
            </line>
            <line>
              <![CDATA[[info] 【loginButton】识别成功]]>
            </line>
            <line>
              <![CDATA[<P style="font-size:1.1em;color:#1C9340"><b>┌───────────────────────┤ＣＨＥＣＫ　ＰＯＩＮＴ├───────────────────────┐<br>[目标]：检查是否进入我的页面<br>[实际]：loginButton Not NULL　[预期]：预期 Not NULL<br>└──────────────────────────────────────────────────────────────────┘</b></P>]]>
            </line>
            <line>
              <![CDATA[[info] 【检查点检查成功】  [实际]：loginButton Not NULL　[预期]：预期 Not NULL]]>
            </line>
            <line>
              <![CDATA[[info] 【myPostButton】暂未找到，轮询中...]]>
            </line>
            <line>
              <![CDATA[[info] 【myPostButton】暂未找到，轮询中...]]>
            </line>
            <line>
              <![CDATA[[info] 【myPostButton】暂未找到，轮询中...]]>
            </line>
            <line>
              <![CDATA[[info] 【myPostButton】暂未找到，轮询中...]]>
            </line>
            <line>
              <![CDATA[[info] 【myPostButton】暂未找到，轮询中...]]>
            </line>
            <line>
              <![CDATA[[info] 【myPostButton】暂未找到，轮询中...]]>
            </line>
            <line>
              <![CDATA[[info] 【myPostButton】暂未找到，轮询中...]]>
            </line>
            <line>
              <![CDATA[[info] 【myPostButton】暂未找到，轮询中...]]>
            </line>
            <line>
              <![CDATA[[info] 【myPostButton】暂未找到，轮询中...]]>
            </line>
            <line>
              <![CDATA[[info] 【myPostButton】暂未找到，轮询中...]]>
            </line>
            <line>
              <![CDATA[[info] 【myPostButton】暂未找到，轮询中...]]>
            </line>
            <line>
              <![CDATA[[info] 【myPostButton】暂未找到，轮询中...]]>
            </line>
            <line>
              <![CDATA[[info] 【myPostButton】暂未找到，轮询中...]]>
            </line>
            <line>
              <![CDATA[[info] 【myPostButton】暂未找到，轮询中...]]>
            </line>
            <line>
              <![CDATA[[info] 【myPostButton】暂未找到，轮询中...]]>
            </line>
            <line>
              <![CDATA[[info] 【myPostButton】暂未找到，轮询中...]]>
            </line>
            <line>
              <![CDATA[[info] 【myPostButton】暂未找到，轮询中...]]>
            </line>
            <line>
              <![CDATA[[info] 【myPostButton】暂未找到，轮询中...]]>
            </line>
            <line>
              <![CDATA[[info] 【myPostButton】暂未找到，轮询中...]]>
            </line>
            <line>
              <![CDATA[[info] 【myPostButton】暂未找到，轮询中...]]>
            </line>
            <line>
              <![CDATA[[info] 【myPostButton】暂未找到，轮询中...]]>
            </line>
            <line>
              <![CDATA[[info] 【myPostButton】暂未找到，轮询中...]]>
            </line>
            <line>
              <![CDATA[[info] 【myPostButton】暂未找到，轮询中...]]>
            </line>
            <line>
              <![CDATA[[info] 【myPostButton】暂未找到，轮询中...]]>
            </line>
            <line>
              <![CDATA[[info] 【myPostButton】暂未找到，轮询中...]]>
            </line>
            <line>
              <![CDATA[[error] 【myPostButton】识别失败：识别超时Expected condition failed: waiting for gby.appium.page.BasePage$1@1680fe9c (tried for 15 second(s) with 500 milliseconds interval)
Build info: version: '3.12.0', revision: '7c6e0b3', time: '2018-05-08T14:04:26.12Z'
System info: host: '桂宝元', ip: '192.168.10.77', os.name: 'Windows 7', os.arch: 'amd64', os.version: '6.1', java.version: '1.8.0_171'
Driver info: io.appium.java_client.android.AndroidDriver
Capabilities {app: C:\Users\Administrator\git\..., appActivity: com.loulifang.house.activit..., appPackage: com.loulifang.house, automationName: uiautomator2, databaseEnabled: false, desired: {app: C:\Users\Administrator\git\..., appActivity: com.loulifang.house.activit..., appPackage: com.loulifang.house, automationName: uiautomator2, deviceName: vivoX9, platformName: android, platformVersion: 7.1.2, resetKeyboard: true, udid: 192.168.20.159:5555, unicodeKeyboard: true}, deviceApiLevel: 25, deviceManufacturer: vivo, deviceModel: vivo X9, deviceName: 192.168.20.159:5555, deviceScreenDensity: 480, deviceScreenSize: 1080x1920, deviceUDID: 192.168.20.159:5555, javascriptEnabled: true, locationContextEnabled: false, networkConnectionEnabled: true, pixelRatio: 3, platform: LINUX, platformName: Android, platformVersion: 7.1.2, resetKeyboard: true, statBarHeight: 72, takesScreenshot: true, udid: 192.168.20.159:5555, unicodeKeyboard: true, viewportRect: {height: 1848, left: 0, top: 72, width: 1080}, warnings: {}, webStorageEnabled: false}
Session ID: 3bb88c0f-80dd-4edc-8679-7640a18ad565]]>
            </line>
            <line>
              <![CDATA[[debug] 往上滑动：540_1440 to 540_480]]>
            </line>
            <line>
              <![CDATA[[info] 【myPostButton】识别成功]]>
            </line>
            <line>
              <![CDATA[[info] 【myPostButton】识别成功]]>
            </line>
            <line>
              <![CDATA[[info] 【myPostButton】识别成功]]>
            </line>
            <line>
              <![CDATA[[info] 【deleteButtons】暂未找到，轮询中...]]>
            </line>
            <line>
              <![CDATA[[info] 【deleteButtons】识别成功]]>
            </line>
            <line>
              <![CDATA[[info] 【deleteEnsureButton】暂未找到，轮询中...]]>
            </line>
            <line>
              <![CDATA[[info] 【deleteEnsureButton】识别成功]]>
            </line>
          </reporter-output>
        </test-method> <!-- deletePost -->
      </class> <!-- gby.testng.testcase.PublishPostCase -->
    </test> <!-- vivoX9 -->
  </suite> <!-- Suite -->
</testng-results>
