<?xml version="1.0" encoding="UTF-8"?>
<testng-results skipped="0" failed="0" total="4" passed="4">
  <reporter-output>
    <line>
      <![CDATA[[debug] 执行命令：[cmd, /c, adb connect 192.168.20.138:5555]]]>
    </line>
    <line>
      <![CDATA[[debug] 执行命令：[cmd, /c, adb connect 192.168.20.217:5555]]]>
    </line>
    <line>
      <![CDATA[[debug] 命令结果：already connected to 192.168.20.217:5555]]>
    </line>
    <line>
      <![CDATA[[debug] 命令结果：already connected to 192.168.20.138:5555]]>
    </line>
    <line>
      <![CDATA[[info] AndroidDriver初始化完成，打开app成功]]>
    </line>
    <line>
      <![CDATA[[info] AndroidDriver初始化完成，打开app成功]]>
    </line>
  </reporter-output>
  <suite name="Suite" duration-ms="29911" started-at="2018-08-09T12:03:34Z" finished-at="2018-08-09T12:04:04Z">
    <groups>
    </groups>
    <test name="LenovoK32c36" duration-ms="23295" started-at="2018-08-09T12:03:34Z" finished-at="2018-08-09T12:03:58Z">
      <class name="gby.testng.testcase.LoginCase">
        <test-method status="PASS" signature="f()[pri:0, instance:gby.testng.testcase.LoginCase@dd05255]" name="f" duration-ms="1832" started-at="2018-08-09T20:03:56Z" finished-at="2018-08-09T20:03:58Z">
          <reporter-output>
          </reporter-output>
        </test-method> <!-- f -->
      </class> <!-- gby.testng.testcase.LoginCase -->
      <class name="gby.testng.testcase.InitDriverCase">
        <test-method status="PASS" signature="f(java.lang.String)[pri:0, instance:gby.testng.testcase.InitDriverCase@7e6f74c]" name="f" duration-ms="21439" started-at="2018-08-09T20:03:34Z" finished-at="2018-08-09T20:03:56Z">
          <params>
            <param index="0">
              <value>
                <![CDATA[GiONEE_GN5001S]]>
              </value>
            </param>
          </params>
          <reporter-output>
            <line>
              <![CDATA[[debug] 执行命令：[cmd, /c, adb connect 192.168.20.138:5555]]]>
            </line>
            <line>
              <![CDATA[[debug] 命令结果：already connected to 192.168.20.138:5555]]>
            </line>
            <line>
              <![CDATA[[info] AndroidDriver初始化完成，打开app成功]]>
            </line>
          </reporter-output>
        </test-method> <!-- f -->
      </class> <!-- gby.testng.testcase.InitDriverCase -->
    </test> <!-- LenovoK32c36 -->
    <test name="OPPOR9tm" duration-ms="29911" started-at="2018-08-09T12:03:34Z" finished-at="2018-08-09T12:04:04Z">
      <class name="gby.testng.testcase.OpenHousePageCase">
        <test-method status="PASS" signature="f()[pri:0, instance:gby.testng.testcase.OpenHousePageCase@3c46e67a]" name="f" duration-ms="5034" started-at="2018-08-09T20:03:59Z" finished-at="2018-08-09T20:04:04Z">
          <reporter-output>
          </reporter-output>
        </test-method> <!-- f -->
      </class> <!-- gby.testng.testcase.OpenHousePageCase -->
      <class name="gby.testng.testcase.InitDriverCase">
        <test-method status="PASS" signature="f(java.lang.String)[pri:0, instance:gby.testng.testcase.InitDriverCase@557caf28]" name="f" duration-ms="24858" started-at="2018-08-09T20:03:34Z" finished-at="2018-08-09T20:03:59Z">
          <params>
            <param index="0">
              <value>
                <![CDATA[LenovoK32c36]]>
              </value>
            </param>
          </params>
          <reporter-output>
            <line>
              <![CDATA[[debug] 执行命令：[cmd, /c, adb connect 192.168.20.217:5555]]]>
            </line>
            <line>
              <![CDATA[[debug] 命令结果：already connected to 192.168.20.217:5555]]>
            </line>
            <line>
              <![CDATA[[info] AndroidDriver初始化完成，打开app成功]]>
            </line>
          </reporter-output>
        </test-method> <!-- f -->
      </class> <!-- gby.testng.testcase.InitDriverCase -->
    </test> <!-- OPPOR9tm -->
  </suite> <!-- Suite -->
</testng-results>
